<?xml version="1.0" encoding="UTF-8"?>
<testsuite xmlns:xsi="http://www.w3.org/2001/XMLSchema-instance" xsi:noNamespaceSchemaLocation="https://maven.apache.org/surefire/maven-surefire-plugin/xsd/surefire-test-report-3.0.xsd" version="3.0" name="com.exemple.kafka.consumer.OrderConsumerTest" time="0.126" tests="1" errors="0" skipped="0" failures="0">
  <properties>
[...]
</properties>
  <testcase name="processOrder_shouldDelegateToServiceAndSendNotification" classname="com.exemple.kafka.consumer.OrderConsumerTest" time="0.124">
    <system-out><![CDATA[2026-04-06T15:05:40.915+01:00  INFO 219314 --- [           main] c.exemple.kafka.consumer.OrderConsumer   : Processing order: f69e9267-f8aa-4581-8589-6e93a7c2e982
]]></system-out>
  </testcase>
</testsuite>