<?xml version="1.0" encoding="UTF-8"?>
<testsuite xmlns:xsi="http://www.w3.org/2001/XMLSchema-instance" xsi:noNamespaceSchemaLocation="https://maven.apache.org/surefire/maven-surefire-plugin/xsd/surefire-test-report-3.0.xsd" version="3.0" name="com.exemple.kafka.KafkaIntegrationTest" time="5.683" tests="1" errors="0" skipped="0" failures="0">
  <properties>
[...]
</properties>
  <testcase name="shouldSendOrderToKafka" classname="com.exemple.kafka.KafkaIntegrationTest" time="0.626">
    <system-out><![CDATA[2026-04-06T15:05:35.095+01:00  INFO 219314 --- [           main] t.c.s.AnnotationConfigContextLoaderUtils : Could not detect default configuration classes for test class [com.exemple.kafka.KafkaIntegrationTest]: KafkaIntegrationTest does not declare any static, non-private, non-final, nested classes annotated with @Configuration.
2026-04-06T15:05:35.115+01:00  INFO 219314 --- [           main] .b.t.c.SpringBootTestContextBootstrapper : Found @SpringBootConfiguration com.exemple.kafka.KafkaApplication for test class com.exemple.kafka.KafkaIntegrationTest

  .   ____          _            __ _ _
 /\\ / ___'_ __ _ _(_)_ __  __ _ \ \ \ \
( ( )\___ | '_ | '_| | '_ \/ _` | \ \ \ \
 \\/  ___)| |_)| | | | | || (_| |  ) ) ) )
  '  |____| .__|_| |_|_| |_\__, | / / / /
 =========|_|==============|___/=/_/_/_/
 :: Spring Boot ::                (v3.2.4)

2026-04-06T15:05:35.899+01:00  INFO 219314 --- [           main] k.utils.Log4jControllerRegistration$     : Registered kafka:type=kafka.Log4jController MBean
2026-04-06T15:05:35.954+01:00  INFO 219314 --- [           main] org.apache.zookeeper.common.X509Util     : Setting -D jdk.tls.rejectClientInitiatedRenegotiation=true to disable client-initiated TLS renegotiation
2026-04-06T15:05:36.158+01:00  INFO 219314 --- [-kit-executor-1] kafka.server.ControllerServer            : Formatting /tmp/kafka-12186684583483925666/controller_0 with metadata.version 3.3-IV0.
2026-04-06T15:05:36.162+01:00  INFO 219314 --- [-kit-executor-3] kafka.server.BrokerServer                : [BrokerServer id=0] Transition from SHUTDOWN to STARTING
2026-04-06T15:05:36.163+01:00  INFO 219314 --- [-kit-executor-2] kafka.server.ControllerServer            : [ControllerServer id=0] Starting controller
2026-04-06T15:05:36.164+01:00  INFO 219314 --- [-kit-executor-3] kafka.server.SharedServer                : [SharedServer id=0] Starting SharedServer
2026-04-06T15:05:36.370+01:00  INFO 219314 --- [-kit-executor-3] kafka.log.UnifiedLog$                    : [LogLoader partition=__cluster_metadata-0, dir=/tmp/kafka-12186684583483925666/controller_0] Loading producer state till offset 0 with message format version 2
2026-04-06T15:05:36.371+01:00  INFO 219314 --- [-kit-executor-3] kafka.log.UnifiedLog$                    : [LogLoader partition=__cluster_metadata-0, dir=/tmp/kafka-12186684583483925666/controller_0] Reloading from producer snapshot and rebuilding producer state from offset 0
2026-04-06T15:05:36.371+01:00  INFO 219314 --- [-kit-executor-3] kafka.log.UnifiedLog$                    : [LogLoader partition=__cluster_metadata-0, dir=/tmp/kafka-12186684583483925666/controller_0] Producer state recovery took 0ms for snapshot load and 0ms for segment recovery from offset 0
2026-04-06T15:05:36.436+01:00  INFO 219314 --- [-kit-executor-3] kafka.raft.KafkaMetadataLog$             : Initialized snapshots with IDs SortedSet() from /tmp/kafka-12186684583483925666/controller_0/__cluster_metadata-0
2026-04-06T15:05:36.492+01:00  INFO 219314 --- [piration-reaper] ExpirationService$ExpiredOperationReaper : [raft-expiration-reaper]: Starting
2026-04-06T15:05:36.886+01:00  INFO 219314 --- [-kit-executor-2] kafka.network.ConnectionQuotas           : Updated connection-accept-rate max connection creation rate to 2147483647
2026-04-06T15:05:36.898+01:00  INFO 219314 --- [-kit-executor-2] kafka.network.DataPlaneAcceptor          : Awaiting socket connections on localhost:34491.
2026-04-06T15:05:36.899+01:00  INFO 219314 --- [-kit-executor-2] kafka.network.DataPlaneAcceptor          : Opened wildcard endpoint localhost:34491
2026-04-06T15:05:36.920+01:00  INFO 219314 --- [-kit-executor-2] kafka.network.SocketServer               : [SocketServer listenerType=CONTROLLER, nodeId=0] Created data-plane acceptor and processors for endpoint : ListenerName(CONTROLLER)
2026-04-06T15:05:36.926+01:00  INFO 219314 --- [-request-thread] kafka.raft.RaftSendThread                : [kafka-0-raft-outbound-request-thread]: Starting
2026-04-06T15:05:36.926+01:00  INFO 219314 --- [-raft-io-thread] k.raft.KafkaRaftManager$RaftIoThread     : [kafka-0-raft-io-thread]: Starting
2026-04-06T15:05:37.003+01:00  INFO 219314 --- [-kit-executor-3] kafka.server.BrokerServer                : [BrokerServer id=0] Starting broker
2026-04-06T15:05:37.005+01:00  INFO 219314 --- [-kit-executor-2] kafka.server.ControllerServer            : [ControllerServer id=0] Waiting for controller quorum voters future
2026-04-06T15:05:37.005+01:00  INFO 219314 --- [-kit-executor-2] kafka.server.ControllerServer            : [ControllerServer id=0] Finished waiting for controller quorum voters future
2026-04-06T15:05:37.036+01:00  INFO 219314 --- [nelReaper-Fetch] lientQuotaManager$ThrottledChannelReaper : [broker-0-ThrottledChannelReaper-Fetch]: Starting
2026-04-06T15:05:37.037+01:00  INFO 219314 --- [lReaper-Produce] lientQuotaManager$ThrottledChannelReaper : [broker-0-ThrottledChannelReaper-Produce]: Starting
2026-04-06T15:05:37.039+01:00  INFO 219314 --- [lReaper-Request] lientQuotaManager$ThrottledChannelReaper : [broker-0-ThrottledChannelReaper-Request]: Starting
2026-04-06T15:05:37.044+01:00  INFO 219314 --- [trollerMutation] lientQuotaManager$ThrottledChannelReaper : [broker-0-ThrottledChannelReaper-ControllerMutation]: Starting
2026-04-06T15:05:37.078+01:00  INFO 219314 --- [-kit-executor-3] kafka.log.LogManager                     : Log directory /tmp/kafka-12186684583483925666/broker_0_data0 not found, creating it.
2026-04-06T15:05:37.082+01:00  INFO 219314 --- [nelReaper-Fetch] lientQuotaManager$ThrottledChannelReaper : [controller-0-ThrottledChannelReaper-Fetch]: Starting
2026-04-06T15:05:37.083+01:00  INFO 219314 --- [lReaper-Produce] lientQuotaManager$ThrottledChannelReaper : [controller-0-ThrottledChannelReaper-Produce]: Starting
2026-04-06T15:05:37.083+01:00  INFO 219314 --- [lReaper-Request] lientQuotaManager$ThrottledChannelReaper : [controller-0-ThrottledChannelReaper-Request]: Starting
2026-04-06T15:05:37.083+01:00  INFO 219314 --- [trollerMutation] lientQuotaManager$ThrottledChannelReaper : [controller-0-ThrottledChannelReaper-ControllerMutation]: Starting
2026-04-06T15:05:37.091+01:00  INFO 219314 --- [-kit-executor-3] kafka.server.BrokerServer                : [BrokerServer id=0] Waiting for controller quorum voters future
2026-04-06T15:05:37.091+01:00  INFO 219314 --- [-kit-executor-3] kafka.server.BrokerServer                : [BrokerServer id=0] Finished waiting for controller quorum voters future
2026-04-06T15:05:37.097+01:00  WARN 219314 --- [0-event-handler] o.a.kafka.controller.QuorumController    : [QuorumController id=0] Performing controller activation. The metadata log appears to be empty. Appending 1 bootstrap record(s) in metadata transaction at metadata.version 3.6-IV2 from bootstrap source 'testkit'. Setting the ZK migration state to NONE since this is a de-novo KRaft cluster.
2026-04-06T15:05:37.107+01:00  INFO 219314 --- [channel-manager] k.s.BrokerToControllerRequestThread      : [broker-0-to-controller-forwarding-channel-manager]: Starting
2026-04-06T15:05:37.110+01:00  INFO 219314 --- [channel-manager] k.s.BrokerToControllerRequestThread      : [broker-0-to-controller-forwarding-channel-manager]: Recorded new controller, from now on will use node localhost:34491 (id: 0 rack: null)
2026-04-06T15:05:37.127+01:00  INFO 219314 --- [per-0-AlterAcls] perationPurgatory$ExpiredOperationReaper : [ExpirationReaper-0-AlterAcls]: Starting
2026-04-06T15:05:37.150+01:00  INFO 219314 --- [-kit-executor-2] kafka.server.ControllerServer            : [ControllerServer id=0] Waiting for the controller metadata publishers to be installed
2026-04-06T15:05:37.151+01:00  INFO 219314 --- [-kit-executor-2] kafka.server.ControllerServer            : [ControllerServer id=0] Finished waiting for the controller metadata publishers to be installed
2026-04-06T15:05:37.152+01:00  INFO 219314 --- [-kit-executor-2] kafka.network.SocketServer               : [SocketServer listenerType=CONTROLLER, nodeId=0] Enabling request processing.
2026-04-06T15:05:37.161+01:00  INFO 219314 --- [-kit-executor-2] kafka.server.ControllerServer            : [ControllerServer id=0] Waiting for all of the authorizer futures to be completed
2026-04-06T15:05:37.162+01:00  INFO 219314 --- [-kit-executor-2] kafka.server.ControllerServer            : [ControllerServer id=0] Finished waiting for all of the authorizer futures to be completed
2026-04-06T15:05:37.162+01:00  INFO 219314 --- [-kit-executor-2] kafka.server.ControllerServer            : [ControllerServer id=0] Waiting for all of the SocketServer Acceptors to be started
2026-04-06T15:05:37.163+01:00  INFO 219314 --- [-kit-executor-2] kafka.server.ControllerServer            : [ControllerServer id=0] Finished waiting for all of the SocketServer Acceptors to be started
2026-04-06T15:05:37.186+01:00  INFO 219314 --- [-kit-executor-3] kafka.network.ConnectionQuotas           : Updated connection-accept-rate max connection creation rate to 2147483647
2026-04-06T15:05:37.187+01:00  INFO 219314 --- [-kit-executor-3] kafka.network.DataPlaneAcceptor          : Awaiting socket connections on localhost:43245.
2026-04-06T15:05:37.187+01:00  INFO 219314 --- [-kit-executor-3] kafka.network.DataPlaneAcceptor          : Opened wildcard endpoint localhost:43245
2026-04-06T15:05:37.197+01:00  INFO 219314 --- [-kit-executor-3] kafka.network.SocketServer               : [SocketServer listenerType=BROKER, nodeId=0] Created data-plane acceptor and processors for endpoint : ListenerName(EXTERNAL)
2026-04-06T15:05:37.207+01:00  INFO 219314 --- [channel-manager] k.s.BrokerToControllerRequestThread      : [broker-0-to-controller-alter-partition-channel-manager]: Starting
2026-04-06T15:05:37.207+01:00  INFO 219314 --- [channel-manager] k.s.BrokerToControllerRequestThread      : [broker-0-to-controller-alter-partition-channel-manager]: Recorded new controller, from now on will use node localhost:34491 (id: 0 rack: null)
2026-04-06T15:05:37.251+01:00  INFO 219314 --- [eaper-0-Produce] perationPurgatory$ExpiredOperationReaper : [ExpirationReaper-0-Produce]: Starting
2026-04-06T15:05:37.253+01:00  INFO 219314 --- [nReaper-0-Fetch] perationPurgatory$ExpiredOperationReaper : [ExpirationReaper-0-Fetch]: Starting
2026-04-06T15:05:37.256+01:00  INFO 219314 --- [0-DeleteRecords] perationPurgatory$ExpiredOperationReaper : [ExpirationReaper-0-DeleteRecords]: Starting
2026-04-06T15:05:37.258+01:00  INFO 219314 --- [r-0-ElectLeader] perationPurgatory$ExpiredOperationReaper : [ExpirationReaper-0-ElectLeader]: Starting
2026-04-06T15:05:37.260+01:00  INFO 219314 --- [r-0-RemoteFetch] perationPurgatory$ExpiredOperationReaper : [ExpirationReaper-0-RemoteFetch]: Starting
2026-04-06T15:05:37.302+01:00  INFO 219314 --- [per-0-Heartbeat] perationPurgatory$ExpiredOperationReaper : [ExpirationReaper-0-Heartbeat]: Starting
2026-04-06T15:05:37.304+01:00  INFO 219314 --- [per-0-Rebalance] perationPurgatory$ExpiredOperationReaper : [ExpirationReaper-0-Rebalance]: Starting
2026-04-06T15:05:37.374+01:00  INFO 219314 --- [channel-manager] k.s.BrokerToControllerRequestThread      : [broker-0-to-controller-heartbeat-channel-manager]: Starting
2026-04-06T15:05:37.374+01:00  INFO 219314 --- [channel-manager] k.s.BrokerToControllerRequestThread      : [broker-0-to-controller-heartbeat-channel-manager]: Recorded new controller, from now on will use node localhost:34491 (id: 0 rack: null)
2026-04-06T15:05:37.381+01:00  INFO 219314 --- [r-event-handler] kafka.server.BrokerLifecycleManager      : [BrokerLifecycleManager id=0] Incarnation OP4LEHlxTNO_SNJ34G8A5Q of broker 0 in cluster vRCBkNikQDaW7VOhjJdCyQ is now STARTING.
2026-04-06T15:05:37.411+01:00  INFO 219314 --- [per-0-AlterAcls] perationPurgatory$ExpiredOperationReaper : [ExpirationReaper-0-AlterAcls]: Starting
2026-04-06T15:05:37.438+01:00  INFO 219314 --- [-kit-executor-3] kafka.server.BrokerServer                : [BrokerServer id=0] Waiting for the broker metadata publishers to be installed
2026-04-06T15:05:37.438+01:00  INFO 219314 --- [-kit-executor-3] kafka.server.BrokerServer                : [BrokerServer id=0] Finished waiting for the broker metadata publishers to be installed
2026-04-06T15:05:37.439+01:00  INFO 219314 --- [-kit-executor-3] kafka.server.BrokerServer                : [BrokerServer id=0] Waiting for the controller to acknowledge that we are caught up
2026-04-06T15:05:37.440+01:00  INFO 219314 --- [r-event-handler] k.s.metadata.BrokerMetadataPublisher     : [BrokerMetadataPublisher id=0] Publishing initial metadata at offset OffsetAndEpoch(offset=4, epoch=1) with metadata.version 3.6-IV2.
2026-04-06T15:05:37.443+01:00  INFO 219314 --- [r-event-handler] kafka.log.LogManager                     : Loading logs from log dirs ArraySeq(/tmp/kafka-12186684583483925666/broker_0_data0)
2026-04-06T15:05:37.448+01:00  INFO 219314 --- [r-event-handler] kafka.log.LogManager                     : No logs found to be loaded in /tmp/kafka-12186684583483925666/broker_0_data0
2026-04-06T15:05:37.455+01:00  INFO 219314 --- [r-event-handler] kafka.log.LogManager                     : Loaded 0 logs in 11ms
2026-04-06T15:05:37.456+01:00  INFO 219314 --- [r-event-handler] kafka.log.LogManager                     : Starting log cleanup with a period of 300000 ms.
2026-04-06T15:05:37.457+01:00  INFO 219314 --- [r-event-handler] kafka.log.LogManager                     : Starting log flusher with a default period of 9223372036854775807 ms.
2026-04-06T15:05:37.475+01:00  INFO 219314 --- [r-event-handler] kafka.log.LogCleaner                     : Starting the log cleaner
2026-04-06T15:05:37.486+01:00  INFO 219314 --- [leaner-thread-0] kafka.log.LogCleaner$CleanerThread       : [kafka-log-cleaner-thread-0]: Starting
2026-04-06T15:05:37.488+01:00  INFO 219314 --- [rFailureHandler] k.s.ReplicaManager$LogDirFailureHandler  : [LogDirFailureHandler]: Starting
2026-04-06T15:05:37.489+01:00  INFO 219314 --- [nSenderThread-0] kafka.server.AddPartitionsToTxnManager   : [AddPartitionsToTxnSenderThread-0]: Starting
2026-04-06T15:05:37.490+01:00  INFO 219314 --- [r-event-handler] k.coordinator.group.GroupCoordinator     : [GroupCoordinator 0]: Starting up.
2026-04-06T15:05:37.493+01:00  INFO 219314 --- [r-event-handler] k.coordinator.group.GroupCoordinator     : [GroupCoordinator 0]: Startup complete.
2026-04-06T15:05:37.494+01:00  INFO 219314 --- [r-event-handler] k.c.transaction.TransactionCoordinator   : [TransactionCoordinator id=0] Starting up.
2026-04-06T15:05:37.496+01:00  INFO 219314 --- [r-event-handler] k.c.transaction.TransactionCoordinator   : [TransactionCoordinator id=0] Startup complete.
2026-04-06T15:05:37.496+01:00  INFO 219314 --- [rSenderThread-0] k.c.t.TransactionMarkerChannelManager    : [TxnMarkerSenderThread-0]: Starting
2026-04-06T15:05:37.497+01:00  INFO 219314 --- [r-event-handler] k.s.metadata.BrokerMetadataPublisher     : [BrokerMetadataPublisher id=0] Updating metadata.version to 14 at offset OffsetAndEpoch(offset=4, epoch=1).
2026-04-06T15:05:37.547+01:00  INFO 219314 --- [channel-manager] kafka.server.BrokerLifecycleManager      : [BrokerLifecycleManager id=0] Successfully registered broker 0 with broker epoch 5
2026-04-06T15:05:37.557+01:00  INFO 219314 --- [channel-manager] kafka.server.BrokerLifecycleManager      : [BrokerLifecycleManager id=0] The broker has caught up. Transitioning from STARTING to RECOVERY.
2026-04-06T15:05:37.558+01:00  INFO 219314 --- [-kit-executor-3] kafka.server.BrokerServer                : [BrokerServer id=0] Finished waiting for the controller to acknowledge that we are caught up
2026-04-06T15:05:37.558+01:00  INFO 219314 --- [-kit-executor-3] kafka.server.BrokerServer                : [BrokerServer id=0] Waiting for the initial broker metadata update to be published
2026-04-06T15:05:37.558+01:00  INFO 219314 --- [-kit-executor-3] kafka.server.BrokerServer                : [BrokerServer id=0] Finished waiting for the initial broker metadata update to be published
2026-04-06T15:05:37.560+01:00  INFO 219314 --- [-kit-executor-3] kafka.server.KafkaConfig                 : KafkaConfig values: 
	advertised.listeners = null
	alter.config.policy.class.name = null
	alter.log.dirs.replication.quota.window.num = 11
	alter.log.dirs.replication.quota.window.size.seconds = 1
	authorizer.class.name = 
	auto.create.topics.enable = true
	auto.include.jmx.reporter = true
	auto.leader.rebalance.enable = true
	background.threads = 10
	broker.heartbeat.interval.ms = 2000
	broker.id = 0
	broker.id.generation.enable = true
	broker.rack = null
	broker.session.timeout.ms = 9000
	client.quota.callback.class = null
	compression.type = producer
	connection.failed.authentication.delay.ms = 100
	connections.max.idle.ms = 600000
	connections.max.reauth.ms = 0
	control.plane.listener.name = null
	controlled.shutdown.enable = true
	controlled.shutdown.max.retries = 3
	controlled.shutdown.retry.backoff.ms = 5000
	controller.listener.names = CONTROLLER
	controller.quorum.append.linger.ms = 25
	controller.quorum.election.backoff.max.ms = 1000
	controller.quorum.election.timeout.ms = 1000
	controller.quorum.fetch.timeout.ms = 2000
	controller.quorum.request.timeout.ms = 2000
	controller.quorum.retry.backoff.ms = 20
	controller.quorum.voters = [0@0.0.0.0:0]
	controller.quota.window.num = 11
	controller.quota.window.size.seconds = 1
	controller.socket.timeout.ms = 30000
	create.topic.policy.class.name = null
	default.replication.factor = 1
	delegation.token.expiry.check.interval.ms = 3600000
	delegation.token.expiry.time.ms = 86400000
	delegation.token.master.key = null
	delegation.token.max.lifetime.ms = 604800000
	delegation.token.secret.key = null
	delete.records.purgatory.purge.interval.requests = 1
	delete.topic.enable = true
	early.start.listeners = null
	fetch.max.bytes = 57671680
	fetch.purgatory.purge.interval.requests = 1000
	group.consumer.assignors = [org.apache.kafka.coordinator.group.assignor.RangeAssignor]
	group.consumer.heartbeat.interval.ms = 5000
	group.consumer.max.heartbeat.interval.ms = 15000
	group.consumer.max.session.timeout.ms = 60000
	group.consumer.max.size = 2147483647
	group.consumer.min.heartbeat.interval.ms = 5000
	group.consumer.min.session.timeout.ms = 45000
	group.consumer.session.timeout.ms = 45000
	group.coordinator.new.enable = false
	group.coordinator.threads = 1
	group.initial.rebalance.delay.ms = 0
	group.max.session.timeout.ms = 1800000
	group.max.size = 2147483647
	group.min.session.timeout.ms = 6000
	initial.broker.registration.timeout.ms = 60000
	inter.broker.listener.name = EXTERNAL
	inter.broker.protocol.version = 3.6-IV2
	kafka.metrics.polling.interval.secs = 10
	kafka.metrics.reporters = []
	leader.imbalance.check.interval.seconds = 300
	leader.imbalance.per.broker.percentage = 10
	listener.security.protocol.map = EXTERNAL:PLAINTEXT,CONTROLLER:PLAINTEXT
	listeners = EXTERNAL://localhost:0,CONTROLLER://localhost:0
	log.cleaner.backoff.ms = 15000
	log.cleaner.dedupe.buffer.size = 2097152
	log.cleaner.delete.retention.ms = 86400000
	log.cleaner.enable = true
	log.cleaner.io.buffer.load.factor = 0.9
	log.cleaner.io.buffer.size = 524288
	log.cleaner.io.max.bytes.per.second = 1.7976931348623157E308
	log.cleaner.max.compaction.lag.ms = 9223372036854775807
	log.cleaner.min.cleanable.ratio = 0.5
	log.cleaner.min.compaction.lag.ms = 0
	log.cleaner.threads = 1
	log.cleanup.policy = [delete]
	log.dir = /tmp/kafka-logs
	log.dirs = /tmp/kafka-12186684583483925666/broker_0_data0
	log.flush.interval.messages = 9223372036854775807
	log.flush.interval.ms = null
	log.flush.offset.checkpoint.interval.ms = 60000
	log.flush.scheduler.interval.ms = 9223372036854775807
	log.flush.start.offset.checkpoint.interval.ms = 60000
	log.index.interval.bytes = 4096
	log.index.size.max.bytes = 10485760
	log.local.retention.bytes = -2
	log.local.retention.ms = -2
	log.message.downconversion.enable = true
	log.message.format.version = 3.0-IV1
	log.message.timestamp.after.max.ms = 9223372036854775807
	log.message.timestamp.before.max.ms = 9223372036854775807
	log.message.timestamp.difference.max.ms = 9223372036854775807
	log.message.timestamp.type = CreateTime
	log.preallocate = false
	log.retention.bytes = -1
	log.retention.check.interval.ms = 300000
	log.retention.hours = 168
	log.retention.minutes = null
	log.retention.ms = null
	log.roll.hours = 168
	log.roll.jitter.hours = 0
	log.roll.jitter.ms = null
	log.roll.ms = null
	log.segment.bytes = 1073741824
	log.segment.delete.delay.ms = 60000
	max.connection.creation.rate = 2147483647
	max.connections = 2147483647
	max.connections.per.ip = 2147483647
	max.connections.per.ip.overrides = 
	max.incremental.fetch.session.cache.slots = 1000
	message.max.bytes = 1048588
	metadata.log.dir = /tmp/kafka-12186684583483925666/controller_0
	metadata.log.max.record.bytes.between.snapshots = 20971520
	metadata.log.max.snapshot.interval.ms = 3600000
	metadata.log.segment.bytes = 1073741824
	metadata.log.segment.min.bytes = 8388608
	metadata.log.segment.ms = 604800000
	metadata.max.idle.interval.ms = 500
	metadata.max.retention.bytes = 104857600
	metadata.max.retention.ms = 604800000
	metric.reporters = []
	metrics.num.samples = 2
	metrics.recording.level = INFO
	metrics.sample.window.ms = 30000
	min.insync.replicas = 1
	node.id = 0
	num.io.threads = 8
	num.network.threads = 3
	num.partitions = 1
	num.recovery.threads.per.data.dir = 1
	num.replica.alter.log.dirs.threads = null
	num.replica.fetchers = 1
	offset.metadata.max.bytes = 4096
	offsets.commit.required.acks = -1
	offsets.commit.timeout.ms = 5000
	offsets.load.buffer.size = 5242880
	offsets.retention.check.interval.ms = 600000
	offsets.retention.minutes = 10080
	offsets.topic.compression.codec = 0
	offsets.topic.num.partitions = 50
	offsets.topic.replication.factor = 1
	offsets.topic.segment.bytes = 104857600
	password.encoder.cipher.algorithm = AES/CBC/PKCS5Padding
	password.encoder.iterations = 4096
	password.encoder.key.length = 128
	password.encoder.keyfactory.algorithm = null
	password.encoder.old.secret = null
	password.encoder.secret = null
	principal.builder.class = class org.apache.kafka.common.security.authenticator.DefaultKafkaPrincipalBuilder
	process.roles = [broker, controller]
	producer.id.expiration.check.interval.ms = 600000
	producer.id.expiration.ms = 86400000
	producer.purgatory.purge.interval.requests = 1000
	queued.max.request.bytes = -1
	queued.max.requests = 500
	quota.window.num = 11
	quota.window.size.seconds = 1
	remote.log.index.file.cache.total.size.bytes = 1073741824
	remote.log.manager.task.interval.ms = 30000
	remote.log.manager.task.retry.backoff.max.ms = 30000
	remote.log.manager.task.retry.backoff.ms = 500
	remote.log.manager.task.retry.jitter = 0.2
	remote.log.manager.thread.pool.size = 10
	remote.log.metadata.custom.metadata.max.bytes = 128
	remote.log.metadata.manager.class.name = org.apache.kafka.server.log.remote.metadata.storage.TopicBasedRemoteLogMetadataManager
	remote.log.metadata.manager.class.path = null
	remote.log.metadata.manager.impl.prefix = rlmm.config.
	remote.log.metadata.manager.listener.name = null
	remote.log.reader.max.pending.tasks = 100
	remote.log.reader.threads = 10
	remote.log.storage.manager.class.name = null
	remote.log.storage.manager.class.path = null
	remote.log.storage.manager.impl.prefix = rsm.config.
	remote.log.storage.system.enable = false
	replica.fetch.backoff.ms = 1000
	replica.fetch.max.bytes = 1048576
	replica.fetch.min.bytes = 1
	replica.fetch.response.max.bytes = 10485760
	replica.fetch.wait.max.ms = 500
	replica.high.watermark.checkpoint.interval.ms = 5000
	replica.lag.time.max.ms = 30000
	replica.selector.class = null
	replica.socket.receive.buffer.bytes = 65536
	replica.socket.timeout.ms = 30000
	replication.quota.window.num = 11
	replication.quota.window.size.seconds = 1
	request.timeout.ms = 30000
	reserved.broker.max.id = 1000
	sasl.client.callback.handler.class = null
	sasl.enabled.mechanisms = [GSSAPI]
	sasl.jaas.config = null
	sasl.kerberos.kinit.cmd = /usr/bin/kinit
	sasl.kerberos.min.time.before.relogin = 60000
	sasl.kerberos.principal.to.local.rules = [DEFAULT]
	sasl.kerberos.service.name = null
	sasl.kerberos.ticket.renew.jitter = 0.05
	sasl.kerberos.ticket.renew.window.factor = 0.8
	sasl.login.callback.handler.class = null
	sasl.login.class = null
	sasl.login.connect.timeout.ms = null
	sasl.login.read.timeout.ms = null
	sasl.login.refresh.buffer.seconds = 300
	sasl.login.refresh.min.period.seconds = 60
	sasl.login.refresh.window.factor = 0.8
	sasl.login.refresh.window.jitter = 0.05
	sasl.login.retry.backoff.max.ms = 10000
	sasl.login.retry.backoff.ms = 100
	sasl.mechanism.controller.protocol = GSSAPI
	sasl.mechanism.inter.broker.protocol = GSSAPI
	sasl.oauthbearer.clock.skew.seconds = 30
	sasl.oauthbearer.expected.audience = null
	sasl.oauthbearer.expected.issuer = null
	sasl.oauthbearer.jwks.endpoint.refresh.ms = 3600000
	sasl.oauthbearer.jwks.endpoint.retry.backoff.max.ms = 10000
	sasl.oauthbearer.jwks.endpoint.retry.backoff.ms = 100
	sasl.oauthbearer.jwks.endpoint.url = null
	sasl.oauthbearer.scope.claim.name = scope
	sasl.oauthbearer.sub.claim.name = sub
	sasl.oauthbearer.token.endpoint.url = null
	sasl.server.callback.handler.class = null
	sasl.server.max.receive.size = 524288
	security.inter.broker.protocol = PLAINTEXT
	security.providers = null
	server.max.startup.time.ms = 600000
	socket.connection.setup.timeout.max.ms = 30000
	socket.connection.setup.timeout.ms = 10000
	socket.listen.backlog.size = 50
	socket.receive.buffer.bytes = 102400
	socket.request.max.bytes = 104857600
	socket.send.buffer.bytes = 102400
	ssl.cipher.suites = []
	ssl.client.auth = none
	ssl.enabled.protocols = [TLSv1.2, TLSv1.3]
	ssl.endpoint.identification.algorithm = https
	ssl.engine.factory.class = null
	ssl.key.password = null
	ssl.keymanager.algorithm = SunX509
	ssl.keystore.certificate.chain = null
	ssl.keystore.key = null
	ssl.keystore.location = null
	ssl.keystore.password = null
	ssl.keystore.type = JKS
	ssl.principal.mapping.rules = DEFAULT
	ssl.protocol = TLSv1.3
	ssl.provider = null
	ssl.secure.random.implementation = null
	ssl.trustmanager.algorithm = PKIX
	ssl.truststore.certificates = null
	ssl.truststore.location = null
	ssl.truststore.password = null
	ssl.truststore.type = JKS
	transaction.abort.timed.out.transaction.cleanup.interval.ms = 10000
	transaction.max.timeout.ms = 900000
	transaction.partition.verification.enable = true
	transaction.remove.expired.transaction.cleanup.interval.ms = 3600000
	transaction.state.log.load.buffer.size = 5242880
	transaction.state.log.min.isr = 2
	transaction.state.log.num.partitions = 50
	transaction.state.log.replication.factor = 3
	transaction.state.log.segment.bytes = 104857600
	transactional.id.expiration.ms = 604800000
	unclean.leader.election.enable = false
	unstable.api.versions.enable = false
	zookeeper.clientCnxnSocket = null
	zookeeper.connect = null
	zookeeper.connection.timeout.ms = null
	zookeeper.max.in.flight.requests = 10
	zookeeper.metadata.migration.enable = false
	zookeeper.session.timeout.ms = 18000
	zookeeper.set.acl = false
	zookeeper.ssl.cipher.suites = null
	zookeeper.ssl.client.enable = false
	zookeeper.ssl.crl.enable = false
	zookeeper.ssl.enabled.protocols = null
	zookeeper.ssl.endpoint.identification.algorithm = HTTPS
	zookeeper.ssl.keystore.location = null
	zookeeper.ssl.keystore.password = null
	zookeeper.ssl.keystore.type = null
	zookeeper.ssl.ocsp.enable = false
	zookeeper.ssl.protocol = TLSv1.2
	zookeeper.ssl.truststore.location = null
	zookeeper.ssl.truststore.password = null
	zookeeper.ssl.truststore.type = null

2026-04-06T15:05:37.570+01:00  INFO 219314 --- [-kit-executor-3] kafka.server.BrokerServer                : [BrokerServer id=0] Waiting for the broker to be unfenced
2026-04-06T15:05:37.572+01:00  INFO 219314 --- [channel-manager] kafka.server.BrokerLifecycleManager      : [BrokerLifecycleManager id=0] The broker is in RECOVERY.
2026-04-06T15:05:37.616+01:00  INFO 219314 --- [channel-manager] kafka.server.BrokerLifecycleManager      : [BrokerLifecycleManager id=0] The broker has been unfenced. Transitioning from RECOVERY to RUNNING.
2026-04-06T15:05:37.617+01:00  INFO 219314 --- [-kit-executor-3] kafka.server.BrokerServer                : [BrokerServer id=0] Finished waiting for the broker to be unfenced
2026-04-06T15:05:37.618+01:00  INFO 219314 --- [-kit-executor-3] kafka.network.SocketServer               : [SocketServer listenerType=BROKER, nodeId=0] Enabling request processing.
2026-04-06T15:05:37.620+01:00  INFO 219314 --- [-kit-executor-3] kafka.server.BrokerServer                : [BrokerServer id=0] Waiting for all of the authorizer futures to be completed
2026-04-06T15:05:37.620+01:00  INFO 219314 --- [-kit-executor-3] kafka.server.BrokerServer                : [BrokerServer id=0] Finished waiting for all of the authorizer futures to be completed
2026-04-06T15:05:37.620+01:00  INFO 219314 --- [-kit-executor-3] kafka.server.BrokerServer                : [BrokerServer id=0] Waiting for all of the SocketServer Acceptors to be started
2026-04-06T15:05:37.620+01:00  INFO 219314 --- [-kit-executor-3] kafka.server.BrokerServer                : [BrokerServer id=0] Finished waiting for all of the SocketServer Acceptors to be started
2026-04-06T15:05:37.620+01:00  INFO 219314 --- [-kit-executor-3] kafka.server.BrokerServer                : [BrokerServer id=0] Transition from STARTING to STARTED
2026-04-06T15:05:37.805+01:00  INFO 219314 --- [r-event-handler] state.change.logger                      : [Broker id=0] Transitioning 2 partition(s) to local leaders.
2026-04-06T15:05:37.807+01:00  INFO 219314 --- [r-event-handler] kafka.server.ReplicaFetcherManager       : [ReplicaFetcherManager on broker 0] Removed fetcher for partitions Set(notifications-topic-0, orders-topic-0)
2026-04-06T15:05:37.809+01:00  INFO 219314 --- [r-event-handler] state.change.logger                      : [Broker id=0] Creating new partition notifications-topic-0 with topic id n5PzOjypTKuAb8hM04MZig.
2026-04-06T15:05:37.832+01:00  INFO 219314 --- [           main] com.exemple.kafka.KafkaIntegrationTest   : Starting KafkaIntegrationTest using Java 17.0.18 with PID 219314 (started by ayoub in /home/ayoub/ayoub/ayoub/exemple)
2026-04-06T15:05:37.833+01:00 DEBUG 219314 --- [           main] com.exemple.kafka.KafkaIntegrationTest   : Running with Spring Boot v3.2.4, Spring v6.1.5
2026-04-06T15:05:37.835+01:00  INFO 219314 --- [           main] com.exemple.kafka.KafkaIntegrationTest   : No active profile set, falling back to 1 default profile: "default"
2026-04-06T15:05:37.840+01:00  INFO 219314 --- [r-event-handler] kafka.log.UnifiedLog$                    : [LogLoader partition=notifications-topic-0, dir=/tmp/kafka-12186684583483925666/broker_0_data0] Loading producer state till offset 0 with message format version 2
2026-04-06T15:05:37.845+01:00  INFO 219314 --- [r-event-handler] kafka.log.LogManager                     : Created log for partition notifications-topic-0 in /tmp/kafka-12186684583483925666/broker_0_data0/notifications-topic-0 with properties {}
2026-04-06T15:05:37.849+01:00  INFO 219314 --- [r-event-handler] kafka.cluster.Partition                  : [Partition notifications-topic-0 broker=0] No checkpointed highwatermark is found for partition notifications-topic-0
2026-04-06T15:05:37.853+01:00  INFO 219314 --- [r-event-handler] kafka.cluster.Partition                  : [Partition notifications-topic-0 broker=0] Log loaded for partition notifications-topic-0 with initial high watermark 0
2026-04-06T15:05:37.861+01:00  INFO 219314 --- [r-event-handler] state.change.logger                      : [Broker id=0] Leader notifications-topic-0 with topic id Some(n5PzOjypTKuAb8hM04MZig) starts at leader epoch 0 from offset 0 with partition epoch 0, high watermark 0, ISR [0], adding replicas [] and removing replicas [] . Previous leader None and previous leader epoch was -1.
2026-04-06T15:05:37.874+01:00  INFO 219314 --- [r-event-handler] state.change.logger                      : [Broker id=0] Creating new partition orders-topic-0 with topic id G-vv9B_dTaSSoF5JxezkJQ.
2026-04-06T15:05:37.886+01:00  INFO 219314 --- [r-event-handler] kafka.log.UnifiedLog$                    : [LogLoader partition=orders-topic-0, dir=/tmp/kafka-12186684583483925666/broker_0_data0] Loading producer state till offset 0 with message format version 2
2026-04-06T15:05:37.887+01:00  INFO 219314 --- [r-event-handler] kafka.log.LogManager                     : Created log for partition orders-topic-0 in /tmp/kafka-12186684583483925666/broker_0_data0/orders-topic-0 with properties {}
2026-04-06T15:05:37.888+01:00  INFO 219314 --- [r-event-handler] kafka.cluster.Partition                  : [Partition orders-topic-0 broker=0] No checkpointed highwatermark is found for partition orders-topic-0
2026-04-06T15:05:37.889+01:00  INFO 219314 --- [r-event-handler] kafka.cluster.Partition                  : [Partition orders-topic-0 broker=0] Log loaded for partition orders-topic-0 with initial high watermark 0
2026-04-06T15:05:37.890+01:00  INFO 219314 --- [r-event-handler] state.change.logger                      : [Broker id=0] Leader orders-topic-0 with topic id Some(G-vv9B_dTaSSoF5JxezkJQ) starts at leader epoch 0 from offset 0 with partition epoch 0, high watermark 0, ISR [0], adding replicas [] and removing replicas [] . Previous leader None and previous leader epoch was -1.
2026-04-06T15:05:39.097+01:00  INFO 219314 --- [           main] o.springframework.kafka.core.KafkaAdmin  : Topic 'notifications-topic' exists but has a different partition count: 1 not 3, increasing if the broker supports it
2026-04-06T15:05:39.099+01:00  INFO 219314 --- [           main] o.springframework.kafka.core.KafkaAdmin  : Topic 'orders-topic' exists but has a different partition count: 1 not 3, increasing if the broker supports it
2026-04-06T15:05:39.130+01:00  INFO 219314 --- [r-event-handler] state.change.logger                      : [Broker id=0] Transitioning 4 partition(s) to local leaders.
2026-04-06T15:05:39.130+01:00  INFO 219314 --- [r-event-handler] kafka.server.ReplicaFetcherManager       : [ReplicaFetcherManager on broker 0] Removed fetcher for partitions Set(notifications-topic-1, orders-topic-1, notifications-topic-2, orders-topic-2)
2026-04-06T15:05:39.131+01:00 ERROR 219314 --- [r-event-handler] state.change.logger                      : [Broker id=0] Expected partition notifications-topic-1 with topic id n5PzOjypTKuAb8hM04MZig to exist, but it was missing. Creating...
2026-04-06T15:05:39.139+01:00  INFO 219314 --- [r-event-handler] kafka.log.UnifiedLog$                    : [LogLoader partition=notifications-topic-1, dir=/tmp/kafka-12186684583483925666/broker_0_data0] Loading producer state till offset 0 with message format version 2
2026-04-06T15:05:39.141+01:00  INFO 219314 --- [r-event-handler] kafka.log.LogManager                     : Created log for partition notifications-topic-1 in /tmp/kafka-12186684583483925666/broker_0_data0/notifications-topic-1 with properties {}
2026-04-06T15:05:39.141+01:00  INFO 219314 --- [r-event-handler] kafka.cluster.Partition                  : [Partition notifications-topic-1 broker=0] No checkpointed highwatermark is found for partition notifications-topic-1
2026-04-06T15:05:39.142+01:00  INFO 219314 --- [r-event-handler] kafka.cluster.Partition                  : [Partition notifications-topic-1 broker=0] Log loaded for partition notifications-topic-1 with initial high watermark 0
2026-04-06T15:05:39.142+01:00  INFO 219314 --- [r-event-handler] state.change.logger                      : [Broker id=0] Leader notifications-topic-1 with topic id Some(n5PzOjypTKuAb8hM04MZig) starts at leader epoch 0 from offset 0 with partition epoch 0, high watermark 0, ISR [0], adding replicas [] and removing replicas [] . Previous leader None and previous leader epoch was -1.
2026-04-06T15:05:39.145+01:00 ERROR 219314 --- [r-event-handler] state.change.logger                      : [Broker id=0] Expected partition orders-topic-1 with topic id G-vv9B_dTaSSoF5JxezkJQ to exist, but it was missing. Creating...
2026-04-06T15:05:39.153+01:00  INFO 219314 --- [r-event-handler] kafka.log.UnifiedLog$                    : [LogLoader partition=orders-topic-1, dir=/tmp/kafka-12186684583483925666/broker_0_data0] Loading producer state till offset 0 with message format version 2
2026-04-06T15:05:39.155+01:00  INFO 219314 --- [r-event-handler] kafka.log.LogManager                     : Created log for partition orders-topic-1 in /tmp/kafka-12186684583483925666/broker_0_data0/orders-topic-1 with properties {}
2026-04-06T15:05:39.155+01:00  INFO 219314 --- [r-event-handler] kafka.cluster.Partition                  : [Partition orders-topic-1 broker=0] No checkpointed highwatermark is found for partition orders-topic-1
2026-04-06T15:05:39.156+01:00  INFO 219314 --- [r-event-handler] kafka.cluster.Partition                  : [Partition orders-topic-1 broker=0] Log loaded for partition orders-topic-1 with initial high watermark 0
2026-04-06T15:05:39.156+01:00  INFO 219314 --- [r-event-handler] state.change.logger                      : [Broker id=0] Leader orders-topic-1 with topic id Some(G-vv9B_dTaSSoF5JxezkJQ) starts at leader epoch 0 from offset 0 with partition epoch 0, high watermark 0, ISR [0], adding replicas [] and removing replicas [] . Previous leader None and previous leader epoch was -1.
2026-04-06T15:05:39.159+01:00 ERROR 219314 --- [r-event-handler] state.change.logger                      : [Broker id=0] Expected partition notifications-topic-2 with topic id n5PzOjypTKuAb8hM04MZig to exist, but it was missing. Creating...
2026-04-06T15:05:39.166+01:00  INFO 219314 --- [r-event-handler] kafka.log.UnifiedLog$                    : [LogLoader partition=notifications-topic-2, dir=/tmp/kafka-12186684583483925666/broker_0_data0] Loading producer state till offset 0 with message format version 2
2026-04-06T15:05:39.168+01:00  INFO 219314 --- [r-event-handler] kafka.log.LogManager                     : Created log for partition notifications-topic-2 in /tmp/kafka-12186684583483925666/broker_0_data0/notifications-topic-2 with properties {}
2026-04-06T15:05:39.168+01:00  INFO 219314 --- [r-event-handler] kafka.cluster.Partition                  : [Partition notifications-topic-2 broker=0] No checkpointed highwatermark is found for partition notifications-topic-2
2026-04-06T15:05:39.169+01:00  INFO 219314 --- [r-event-handler] kafka.cluster.Partition                  : [Partition notifications-topic-2 broker=0] Log loaded for partition notifications-topic-2 with initial high watermark 0
2026-04-06T15:05:39.169+01:00  INFO 219314 --- [r-event-handler] state.change.logger                      : [Broker id=0] Leader notifications-topic-2 with topic id Some(n5PzOjypTKuAb8hM04MZig) starts at leader epoch 0 from offset 0 with partition epoch 0, high watermark 0, ISR [0], adding replicas [] and removing replicas [] . Previous leader None and previous leader epoch was -1.
2026-04-06T15:05:39.172+01:00 ERROR 219314 --- [r-event-handler] state.change.logger                      : [Broker id=0] Expected partition orders-topic-2 with topic id G-vv9B_dTaSSoF5JxezkJQ to exist, but it was missing. Creating...
2026-04-06T15:05:39.176+01:00  INFO 219314 --- [r-event-handler] kafka.log.UnifiedLog$                    : [LogLoader partition=orders-topic-2, dir=/tmp/kafka-12186684583483925666/broker_0_data0] Loading producer state till offset 0 with message format version 2
2026-04-06T15:05:39.177+01:00  INFO 219314 --- [r-event-handler] kafka.log.LogManager                     : Created log for partition orders-topic-2 in /tmp/kafka-12186684583483925666/broker_0_data0/orders-topic-2 with properties {}
2026-04-06T15:05:39.178+01:00  INFO 219314 --- [r-event-handler] kafka.cluster.Partition                  : [Partition orders-topic-2 broker=0] No checkpointed highwatermark is found for partition orders-topic-2
2026-04-06T15:05:39.178+01:00  INFO 219314 --- [r-event-handler] kafka.cluster.Partition                  : [Partition orders-topic-2 broker=0] Log loaded for partition orders-topic-2 with initial high watermark 0
2026-04-06T15:05:39.178+01:00  INFO 219314 --- [r-event-handler] state.change.logger                      : [Broker id=0] Leader orders-topic-2 with topic id Some(G-vv9B_dTaSSoF5JxezkJQ) starts at leader epoch 0 from offset 0 with partition epoch 0, high watermark 0, ISR [0], adding replicas [] and removing replicas [] . Previous leader None and previous leader epoch was -1.
2026-04-06T15:05:39.304+01:00  INFO 219314 --- [           main] fkaConsumerFactory$ExtendedKafkaConsumer : [Consumer clientId=consumer-order-audit-group-1, groupId=order-audit-group] Subscribed to topic(s): orders-topic
2026-04-06T15:05:39.334+01:00  INFO 219314 --- [           main] fkaConsumerFactory$ExtendedKafkaConsumer : [Consumer clientId=consumer-notification-group-2, groupId=notification-group] Subscribed to topic(s): notifications-topic
2026-04-06T15:05:39.347+01:00  INFO 219314 --- [           main] fkaConsumerFactory$ExtendedKafkaConsumer : [Consumer clientId=consumer-kafka-demo-group-3, groupId=kafka-demo-group] Subscribed to topic(s): orders-topic
2026-04-06T15:05:39.360+01:00  INFO 219314 --- [quest-handler-1] k.s.DefaultAutoTopicCreationManager      : Sent auto-creation request for Set(__consumer_offsets) to the active controller.
2026-04-06T15:05:39.374+01:00  INFO 219314 --- [           main] com.exemple.kafka.KafkaIntegrationTest   : Started KafkaIntegrationTest in 4.243 seconds (process running for 8.122)
2026-04-06T15:05:39.412+01:00  INFO 219314 --- [r-event-handler] state.change.logger                      : [Broker id=0] Transitioning 50 partition(s) to local leaders.
2026-04-06T15:05:39.413+01:00  INFO 219314 --- [r-event-handler] kafka.server.ReplicaFetcherManager       : [ReplicaFetcherManager on broker 0] Removed fetcher for partitions Set(__consumer_offsets-13, __consumer_offsets-46, __consumer_offsets-9, __consumer_offsets-42, __consumer_offsets-21, __consumer_offsets-17, __consumer_offsets-30, __consumer_offsets-26, __consumer_offsets-5, __consumer_offsets-38, __consumer_offsets-1, __consumer_offsets-34, __consumer_offsets-16, __consumer_offsets-45, __consumer_offsets-12, __consumer_offsets-41, __consumer_offsets-24, __consumer_offsets-20, __consumer_offsets-49, __consumer_offsets-0, __consumer_offsets-29, __consumer_offsets-25, __consumer_offsets-8, __consumer_offsets-37, __consumer_offsets-4, __consumer_offsets-33, __consumer_offsets-15, __consumer_offsets-48, __consumer_offsets-11, __consumer_offsets-44, __consumer_offsets-23, __consumer_offsets-19, __consumer_offsets-32, __consumer_offsets-28, __consumer_offsets-7, __consumer_offsets-40, __consumer_offsets-3, __consumer_offsets-36, __consumer_offsets-47, __consumer_offsets-14, __consumer_offsets-43, __consumer_offsets-10, __consumer_offsets-22, __consumer_offsets-18, __consumer_offsets-31, __consumer_offsets-27, __consumer_offsets-39, __consumer_offsets-6, __consumer_offsets-35, __consumer_offsets-2)
2026-04-06T15:05:39.413+01:00  INFO 219314 --- [r-event-handler] state.change.logger                      : [Broker id=0] Creating new partition __consumer_offsets-13 with topic id QfSS2TJgRWenc26JV6oOkQ.
2026-04-06T15:05:39.420+01:00  INFO 219314 --- [r-event-handler] kafka.log.UnifiedLog$                    : [LogLoader partition=__consumer_offsets-13, dir=/tmp/kafka-12186684583483925666/broker_0_data0] Loading producer state till offset 0 with message format version 2
2026-04-06T15:05:39.422+01:00  INFO 219314 --- [r-event-handler] kafka.log.LogManager                     : Created log for partition __consumer_offsets-13 in /tmp/kafka-12186684583483925666/broker_0_data0/__consumer_offsets-13 with properties {cleanup.policy=compact, compression.type="producer", segment.bytes=104857600}
2026-04-06T15:05:39.422+01:00  INFO 219314 --- [r-event-handler] kafka.cluster.Partition                  : [Partition __consumer_offsets-13 broker=0] No checkpointed highwatermark is found for partition __consumer_offsets-13
2026-04-06T15:05:39.422+01:00  INFO 219314 --- [r-event-handler] kafka.cluster.Partition                  : [Partition __consumer_offsets-13 broker=0] Log loaded for partition __consumer_offsets-13 with initial high watermark 0
2026-04-06T15:05:39.423+01:00  INFO 219314 --- [r-event-handler] state.change.logger                      : [Broker id=0] Leader __consumer_offsets-13 with topic id Some(QfSS2TJgRWenc26JV6oOkQ) starts at leader epoch 0 from offset 0 with partition epoch 0, high watermark 0, ISR [0], adding replicas [] and removing replicas [] . Previous leader None and previous leader epoch was -1.
2026-04-06T15:05:39.426+01:00  INFO 219314 --- [r-event-handler] state.change.logger                      : [Broker id=0] Creating new partition __consumer_offsets-46 with topic id QfSS2TJgRWenc26JV6oOkQ.
2026-04-06T15:05:39.436+01:00  INFO 219314 --- [r-event-handler] kafka.log.UnifiedLog$                    : [LogLoader partition=__consumer_offsets-46, dir=/tmp/kafka-12186684583483925666/broker_0_data0] Loading producer state till offset 0 with message format version 2
2026-04-06T15:05:39.438+01:00  INFO 219314 --- [r-event-handler] kafka.log.LogManager                     : Created log for partition __consumer_offsets-46 in /tmp/kafka-12186684583483925666/broker_0_data0/__consumer_offsets-46 with properties {cleanup.policy=compact, compression.type="producer", segment.bytes=104857600}
2026-04-06T15:05:39.438+01:00  INFO 219314 --- [r-event-handler] kafka.cluster.Partition                  : [Partition __consumer_offsets-46 broker=0] No checkpointed highwatermark is found for partition __consumer_offsets-46
2026-04-06T15:05:39.438+01:00  INFO 219314 --- [r-event-handler] kafka.cluster.Partition                  : [Partition __consumer_offsets-46 broker=0] Log loaded for partition __consumer_offsets-46 with initial high watermark 0
2026-04-06T15:05:39.439+01:00  INFO 219314 --- [r-event-handler] state.change.logger                      : [Broker id=0] Leader __consumer_offsets-46 with topic id Some(QfSS2TJgRWenc26JV6oOkQ) starts at leader epoch 0 from offset 0 with partition epoch 0, high watermark 0, ISR [0], adding replicas [] and removing replicas [] . Previous leader None and previous leader epoch was -1.
2026-04-06T15:05:39.443+01:00  INFO 219314 --- [r-event-handler] state.change.logger                      : [Broker id=0] Creating new partition __consumer_offsets-9 with topic id QfSS2TJgRWenc26JV6oOkQ.
2026-04-06T15:05:39.451+01:00  INFO 219314 --- [r-event-handler] kafka.log.UnifiedLog$                    : [LogLoader partition=__consumer_offsets-9, dir=/tmp/kafka-12186684583483925666/broker_0_data0] Loading producer state till offset 0 with message format version 2
2026-04-06T15:05:39.454+01:00  INFO 219314 --- [r-event-handler] kafka.log.LogManager                     : Created log for partition __consumer_offsets-9 in /tmp/kafka-12186684583483925666/broker_0_data0/__consumer_offsets-9 with properties {cleanup.policy=compact, compression.type="producer", segment.bytes=104857600}
2026-04-06T15:05:39.454+01:00  INFO 219314 --- [r-event-handler] kafka.cluster.Partition                  : [Partition __consumer_offsets-9 broker=0] No checkpointed highwatermark is found for partition __consumer_offsets-9
2026-04-06T15:05:39.455+01:00  INFO 219314 --- [r-event-handler] kafka.cluster.Partition                  : [Partition __consumer_offsets-9 broker=0] Log loaded for partition __consumer_offsets-9 with initial high watermark 0
2026-04-06T15:05:39.455+01:00  INFO 219314 --- [r-event-handler] state.change.logger                      : [Broker id=0] Leader __consumer_offsets-9 with topic id Some(QfSS2TJgRWenc26JV6oOkQ) starts at leader epoch 0 from offset 0 with partition epoch 0, high watermark 0, ISR [0], adding replicas [] and removing replicas [] . Previous leader None and previous leader epoch was -1.
2026-04-06T15:05:39.458+01:00  INFO 219314 --- [r-event-handler] state.change.logger                      : [Broker id=0] Creating new partition __consumer_offsets-42 with topic id QfSS2TJgRWenc26JV6oOkQ.
2026-04-06T15:05:39.467+01:00  INFO 219314 --- [r-event-handler] kafka.log.UnifiedLog$                    : [LogLoader partition=__consumer_offsets-42, dir=/tmp/kafka-12186684583483925666/broker_0_data0] Loading producer state till offset 0 with message format version 2
2026-04-06T15:05:39.469+01:00  INFO 219314 --- [r-event-handler] kafka.log.LogManager                     : Created log for partition __consumer_offsets-42 in /tmp/kafka-12186684583483925666/broker_0_data0/__consumer_offsets-42 with properties {cleanup.policy=compact, compression.type="producer", segment.bytes=104857600}
2026-04-06T15:05:39.470+01:00  INFO 219314 --- [r-event-handler] kafka.cluster.Partition                  : [Partition __consumer_offsets-42 broker=0] No checkpointed highwatermark is found for partition __consumer_offsets-42
2026-04-06T15:05:39.470+01:00  INFO 219314 --- [r-event-handler] kafka.cluster.Partition                  : [Partition __consumer_offsets-42 broker=0] Log loaded for partition __consumer_offsets-42 with initial high watermark 0
2026-04-06T15:05:39.471+01:00  INFO 219314 --- [r-event-handler] state.change.logger                      : [Broker id=0] Leader __consumer_offsets-42 with topic id Some(QfSS2TJgRWenc26JV6oOkQ) starts at leader epoch 0 from offset 0 with partition epoch 0, high watermark 0, ISR [0], adding replicas [] and removing replicas [] . Previous leader None and previous leader epoch was -1.
2026-04-06T15:05:39.476+01:00  INFO 219314 --- [r-event-handler] state.change.logger                      : [Broker id=0] Creating new partition __consumer_offsets-21 with topic id QfSS2TJgRWenc26JV6oOkQ.
2026-04-06T15:05:39.482+01:00  INFO 219314 --- [r-event-handler] kafka.log.UnifiedLog$                    : [LogLoader partition=__consumer_offsets-21, dir=/tmp/kafka-12186684583483925666/broker_0_data0] Loading producer state till offset 0 with message format version 2
2026-04-06T15:05:39.484+01:00  INFO 219314 --- [r-event-handler] kafka.log.LogManager                     : Created log for partition __consumer_offsets-21 in /tmp/kafka-12186684583483925666/broker_0_data0/__consumer_offsets-21 with properties {cleanup.policy=compact, compression.type="producer", segment.bytes=104857600}
2026-04-06T15:05:39.484+01:00  INFO 219314 --- [r-event-handler] kafka.cluster.Partition                  : [Partition __consumer_offsets-21 broker=0] No checkpointed highwatermark is found for partition __consumer_offsets-21
2026-04-06T15:05:39.485+01:00  INFO 219314 --- [r-event-handler] kafka.cluster.Partition                  : [Partition __consumer_offsets-21 broker=0] Log loaded for partition __consumer_offsets-21 with initial high watermark 0
2026-04-06T15:05:39.485+01:00  INFO 219314 --- [r-event-handler] state.change.logger                      : [Broker id=0] Leader __consumer_offsets-21 with topic id Some(QfSS2TJgRWenc26JV6oOkQ) starts at leader epoch 0 from offset 0 with partition epoch 0, high watermark 0, ISR [0], adding replicas [] and removing replicas [] . Previous leader None and previous leader epoch was -1.
2026-04-06T15:05:39.488+01:00  INFO 219314 --- [r-event-handler] state.change.logger                      : [Broker id=0] Creating new partition __consumer_offsets-17 with topic id QfSS2TJgRWenc26JV6oOkQ.
2026-04-06T15:05:39.499+01:00  INFO 219314 --- [r-event-handler] kafka.log.UnifiedLog$                    : [LogLoader partition=__consumer_offsets-17, dir=/tmp/kafka-12186684583483925666/broker_0_data0] Loading producer state till offset 0 with message format version 2
2026-04-06T15:05:39.501+01:00  INFO 219314 --- [r-event-handler] kafka.log.LogManager                     : Created log for partition __consumer_offsets-17 in /tmp/kafka-12186684583483925666/broker_0_data0/__consumer_offsets-17 with properties {cleanup.policy=compact, compression.type="producer", segment.bytes=104857600}
2026-04-06T15:05:39.501+01:00  INFO 219314 --- [r-event-handler] kafka.cluster.Partition                  : [Partition __consumer_offsets-17 broker=0] No checkpointed highwatermark is found for partition __consumer_offsets-17
2026-04-06T15:05:39.502+01:00  INFO 219314 --- [r-event-handler] kafka.cluster.Partition                  : [Partition __consumer_offsets-17 broker=0] Log loaded for partition __consumer_offsets-17 with initial high watermark 0
2026-04-06T15:05:39.502+01:00  INFO 219314 --- [r-event-handler] state.change.logger                      : [Broker id=0] Leader __consumer_offsets-17 with topic id Some(QfSS2TJgRWenc26JV6oOkQ) starts at leader epoch 0 from offset 0 with partition epoch 0, high watermark 0, ISR [0], adding replicas [] and removing replicas [] . Previous leader None and previous leader epoch was -1.
2026-04-06T15:05:39.506+01:00  INFO 219314 --- [r-event-handler] state.change.logger                      : [Broker id=0] Creating new partition __consumer_offsets-30 with topic id QfSS2TJgRWenc26JV6oOkQ.
2026-04-06T15:05:39.515+01:00  INFO 219314 --- [r-event-handler] kafka.log.UnifiedLog$                    : [LogLoader partition=__consumer_offsets-30, dir=/tmp/kafka-12186684583483925666/broker_0_data0] Loading producer state till offset 0 with message format version 2
2026-04-06T15:05:39.517+01:00  INFO 219314 --- [r-event-handler] kafka.log.LogManager                     : Created log for partition __consumer_offsets-30 in /tmp/kafka-12186684583483925666/broker_0_data0/__consumer_offsets-30 with properties {cleanup.policy=compact, compression.type="producer", segment.bytes=104857600}
2026-04-06T15:05:39.517+01:00  INFO 219314 --- [r-event-handler] kafka.cluster.Partition                  : [Partition __consumer_offsets-30 broker=0] No checkpointed highwatermark is found for partition __consumer_offsets-30
2026-04-06T15:05:39.518+01:00  INFO 219314 --- [r-event-handler] kafka.cluster.Partition                  : [Partition __consumer_offsets-30 broker=0] Log loaded for partition __consumer_offsets-30 with initial high watermark 0
2026-04-06T15:05:39.518+01:00  INFO 219314 --- [r-event-handler] state.change.logger                      : [Broker id=0] Leader __consumer_offsets-30 with topic id Some(QfSS2TJgRWenc26JV6oOkQ) starts at leader epoch 0 from offset 0 with partition epoch 0, high watermark 0, ISR [0], adding replicas [] and removing replicas [] . Previous leader None and previous leader epoch was -1.
2026-04-06T15:05:39.521+01:00  INFO 219314 --- [r-event-handler] state.change.logger                      : [Broker id=0] Creating new partition __consumer_offsets-26 with topic id QfSS2TJgRWenc26JV6oOkQ.
2026-04-06T15:05:39.531+01:00  INFO 219314 --- [r-event-handler] kafka.log.UnifiedLog$                    : [LogLoader partition=__consumer_offsets-26, dir=/tmp/kafka-12186684583483925666/broker_0_data0] Loading producer state till offset 0 with message format version 2
2026-04-06T15:05:39.532+01:00  INFO 219314 --- [r-event-handler] kafka.log.LogManager                     : Created log for partition __consumer_offsets-26 in /tmp/kafka-12186684583483925666/broker_0_data0/__consumer_offsets-26 with properties {cleanup.policy=compact, compression.type="producer", segment.bytes=104857600}
2026-04-06T15:05:39.533+01:00  INFO 219314 --- [r-event-handler] kafka.cluster.Partition                  : [Partition __consumer_offsets-26 broker=0] No checkpointed highwatermark is found for partition __consumer_offsets-26
2026-04-06T15:05:39.533+01:00  INFO 219314 --- [r-event-handler] kafka.cluster.Partition                  : [Partition __consumer_offsets-26 broker=0] Log loaded for partition __consumer_offsets-26 with initial high watermark 0
2026-04-06T15:05:39.534+01:00  INFO 219314 --- [r-event-handler] state.change.logger                      : [Broker id=0] Leader __consumer_offsets-26 with topic id Some(QfSS2TJgRWenc26JV6oOkQ) starts at leader epoch 0 from offset 0 with partition epoch 0, high watermark 0, ISR [0], adding replicas [] and removing replicas [] . Previous leader None and previous leader epoch was -1.
2026-04-06T15:05:39.536+01:00  INFO 219314 --- [r-event-handler] state.change.logger                      : [Broker id=0] Creating new partition __consumer_offsets-5 with topic id QfSS2TJgRWenc26JV6oOkQ.
2026-04-06T15:05:39.543+01:00  INFO 219314 --- [r-event-handler] kafka.log.UnifiedLog$                    : [LogLoader partition=__consumer_offsets-5, dir=/tmp/kafka-12186684583483925666/broker_0_data0] Loading producer state till offset 0 with message format version 2
2026-04-06T15:05:39.544+01:00  INFO 219314 --- [r-event-handler] kafka.log.LogManager                     : Created log for partition __consumer_offsets-5 in /tmp/kafka-12186684583483925666/broker_0_data0/__consumer_offsets-5 with properties {cleanup.policy=compact, compression.type="producer", segment.bytes=104857600}
2026-04-06T15:05:39.545+01:00  INFO 219314 --- [r-event-handler] kafka.cluster.Partition                  : [Partition __consumer_offsets-5 broker=0] No checkpointed highwatermark is found for partition __consumer_offsets-5
2026-04-06T15:05:39.545+01:00  INFO 219314 --- [r-event-handler] kafka.cluster.Partition                  : [Partition __consumer_offsets-5 broker=0] Log loaded for partition __consumer_offsets-5 with initial high watermark 0
2026-04-06T15:05:39.545+01:00  INFO 219314 --- [r-event-handler] state.change.logger                      : [Broker id=0] Leader __consumer_offsets-5 with topic id Some(QfSS2TJgRWenc26JV6oOkQ) starts at leader epoch 0 from offset 0 with partition epoch 0, high watermark 0, ISR [0], adding replicas [] and removing replicas [] . Previous leader None and previous leader epoch was -1.
2026-04-06T15:05:39.548+01:00  INFO 219314 --- [r-event-handler] state.change.logger                      : [Broker id=0] Creating new partition __consumer_offsets-38 with topic id QfSS2TJgRWenc26JV6oOkQ.
2026-04-06T15:05:39.555+01:00  INFO 219314 --- [r-event-handler] kafka.log.UnifiedLog$                    : [LogLoader partition=__consumer_offsets-38, dir=/tmp/kafka-12186684583483925666/broker_0_data0] Loading producer state till offset 0 with message format version 2
2026-04-06T15:05:39.557+01:00  INFO 219314 --- [r-event-handler] kafka.log.LogManager                     : Created log for partition __consumer_offsets-38 in /tmp/kafka-12186684583483925666/broker_0_data0/__consumer_offsets-38 with properties {cleanup.policy=compact, compression.type="producer", segment.bytes=104857600}
2026-04-06T15:05:39.557+01:00  INFO 219314 --- [r-event-handler] kafka.cluster.Partition                  : [Partition __consumer_offsets-38 broker=0] No checkpointed highwatermark is found for partition __consumer_offsets-38
2026-04-06T15:05:39.557+01:00  INFO 219314 --- [r-event-handler] kafka.cluster.Partition                  : [Partition __consumer_offsets-38 broker=0] Log loaded for partition __consumer_offsets-38 with initial high watermark 0
2026-04-06T15:05:39.558+01:00  INFO 219314 --- [r-event-handler] state.change.logger                      : [Broker id=0] Leader __consumer_offsets-38 with topic id Some(QfSS2TJgRWenc26JV6oOkQ) starts at leader epoch 0 from offset 0 with partition epoch 0, high watermark 0, ISR [0], adding replicas [] and removing replicas [] . Previous leader None and previous leader epoch was -1.
2026-04-06T15:05:39.560+01:00  INFO 219314 --- [r-event-handler] state.change.logger                      : [Broker id=0] Creating new partition __consumer_offsets-1 with topic id QfSS2TJgRWenc26JV6oOkQ.
2026-04-06T15:05:39.568+01:00  INFO 219314 --- [r-event-handler] kafka.log.UnifiedLog$                    : [LogLoader partition=__consumer_offsets-1, dir=/tmp/kafka-12186684583483925666/broker_0_data0] Loading producer state till offset 0 with message format version 2
2026-04-06T15:05:39.570+01:00  INFO 219314 --- [r-event-handler] kafka.log.LogManager                     : Created log for partition __consumer_offsets-1 in /tmp/kafka-12186684583483925666/broker_0_data0/__consumer_offsets-1 with properties {cleanup.policy=compact, compression.type="producer", segment.bytes=104857600}
2026-04-06T15:05:39.570+01:00  INFO 219314 --- [r-event-handler] kafka.cluster.Partition                  : [Partition __consumer_offsets-1 broker=0] No checkpointed highwatermark is found for partition __consumer_offsets-1
2026-04-06T15:05:39.571+01:00  INFO 219314 --- [r-event-handler] kafka.cluster.Partition                  : [Partition __consumer_offsets-1 broker=0] Log loaded for partition __consumer_offsets-1 with initial high watermark 0
2026-04-06T15:05:39.571+01:00  INFO 219314 --- [r-event-handler] state.change.logger                      : [Broker id=0] Leader __consumer_offsets-1 with topic id Some(QfSS2TJgRWenc26JV6oOkQ) starts at leader epoch 0 from offset 0 with partition epoch 0, high watermark 0, ISR [0], adding replicas [] and removing replicas [] . Previous leader None and previous leader epoch was -1.
2026-04-06T15:05:39.574+01:00  INFO 219314 --- [r-event-handler] state.change.logger                      : [Broker id=0] Creating new partition __consumer_offsets-34 with topic id QfSS2TJgRWenc26JV6oOkQ.
2026-04-06T15:05:39.582+01:00  INFO 219314 --- [r-event-handler] kafka.log.UnifiedLog$                    : [LogLoader partition=__consumer_offsets-34, dir=/tmp/kafka-12186684583483925666/broker_0_data0] Loading producer state till offset 0 with message format version 2
2026-04-06T15:05:39.584+01:00  INFO 219314 --- [r-event-handler] kafka.log.LogManager                     : Created log for partition __consumer_offsets-34 in /tmp/kafka-12186684583483925666/broker_0_data0/__consumer_offsets-34 with properties {cleanup.policy=compact, compression.type="producer", segment.bytes=104857600}
2026-04-06T15:05:39.584+01:00  INFO 219314 --- [r-event-handler] kafka.cluster.Partition                  : [Partition __consumer_offsets-34 broker=0] No checkpointed highwatermark is found for partition __consumer_offsets-34
2026-04-06T15:05:39.585+01:00  INFO 219314 --- [r-event-handler] kafka.cluster.Partition                  : [Partition __consumer_offsets-34 broker=0] Log loaded for partition __consumer_offsets-34 with initial high watermark 0
2026-04-06T15:05:39.585+01:00  INFO 219314 --- [r-event-handler] state.change.logger                      : [Broker id=0] Leader __consumer_offsets-34 with topic id Some(QfSS2TJgRWenc26JV6oOkQ) starts at leader epoch 0 from offset 0 with partition epoch 0, high watermark 0, ISR [0], adding replicas [] and removing replicas [] . Previous leader None and previous leader epoch was -1.
2026-04-06T15:05:39.588+01:00  INFO 219314 --- [r-event-handler] state.change.logger                      : [Broker id=0] Creating new partition __consumer_offsets-16 with topic id QfSS2TJgRWenc26JV6oOkQ.
2026-04-06T15:05:39.595+01:00  INFO 219314 --- [r-event-handler] kafka.log.UnifiedLog$                    : [LogLoader partition=__consumer_offsets-16, dir=/tmp/kafka-12186684583483925666/broker_0_data0] Loading producer state till offset 0 with message format version 2
2026-04-06T15:05:39.596+01:00  INFO 219314 --- [r-event-handler] kafka.log.LogManager                     : Created log for partition __consumer_offsets-16 in /tmp/kafka-12186684583483925666/broker_0_data0/__consumer_offsets-16 with properties {cleanup.policy=compact, compression.type="producer", segment.bytes=104857600}
2026-04-06T15:05:39.597+01:00  INFO 219314 --- [r-event-handler] kafka.cluster.Partition                  : [Partition __consumer_offsets-16 broker=0] No checkpointed highwatermark is found for partition __consumer_offsets-16
2026-04-06T15:05:39.597+01:00  INFO 219314 --- [r-event-handler] kafka.cluster.Partition                  : [Partition __consumer_offsets-16 broker=0] Log loaded for partition __consumer_offsets-16 with initial high watermark 0
2026-04-06T15:05:39.597+01:00  INFO 219314 --- [r-event-handler] state.change.logger                      : [Broker id=0] Leader __consumer_offsets-16 with topic id Some(QfSS2TJgRWenc26JV6oOkQ) starts at leader epoch 0 from offset 0 with partition epoch 0, high watermark 0, ISR [0], adding replicas [] and removing replicas [] . Previous leader None and previous leader epoch was -1.
2026-04-06T15:05:39.600+01:00  INFO 219314 --- [r-event-handler] state.change.logger                      : [Broker id=0] Creating new partition __consumer_offsets-45 with topic id QfSS2TJgRWenc26JV6oOkQ.
2026-04-06T15:05:39.607+01:00  INFO 219314 --- [r-event-handler] kafka.log.UnifiedLog$                    : [LogLoader partition=__consumer_offsets-45, dir=/tmp/kafka-12186684583483925666/broker_0_data0] Loading producer state till offset 0 with message format version 2
2026-04-06T15:05:39.609+01:00  INFO 219314 --- [r-event-handler] kafka.log.LogManager                     : Created log for partition __consumer_offsets-45 in /tmp/kafka-12186684583483925666/broker_0_data0/__consumer_offsets-45 with properties {cleanup.policy=compact, compression.type="producer", segment.bytes=104857600}
2026-04-06T15:05:39.610+01:00  INFO 219314 --- [r-event-handler] kafka.cluster.Partition                  : [Partition __consumer_offsets-45 broker=0] No checkpointed highwatermark is found for partition __consumer_offsets-45
2026-04-06T15:05:39.610+01:00  INFO 219314 --- [r-event-handler] kafka.cluster.Partition                  : [Partition __consumer_offsets-45 broker=0] Log loaded for partition __consumer_offsets-45 with initial high watermark 0
2026-04-06T15:05:39.611+01:00  INFO 219314 --- [r-event-handler] state.change.logger                      : [Broker id=0] Leader __consumer_offsets-45 with topic id Some(QfSS2TJgRWenc26JV6oOkQ) starts at leader epoch 0 from offset 0 with partition epoch 0, high watermark 0, ISR [0], adding replicas [] and removing replicas [] . Previous leader None and previous leader epoch was -1.
2026-04-06T15:05:39.614+01:00  INFO 219314 --- [r-event-handler] state.change.logger                      : [Broker id=0] Creating new partition __consumer_offsets-12 with topic id QfSS2TJgRWenc26JV6oOkQ.
2026-04-06T15:05:39.621+01:00  INFO 219314 --- [r-event-handler] kafka.log.UnifiedLog$                    : [LogLoader partition=__consumer_offsets-12, dir=/tmp/kafka-12186684583483925666/broker_0_data0] Loading producer state till offset 0 with message format version 2
2026-04-06T15:05:39.622+01:00  INFO 219314 --- [r-event-handler] kafka.log.LogManager                     : Created log for partition __consumer_offsets-12 in /tmp/kafka-12186684583483925666/broker_0_data0/__consumer_offsets-12 with properties {cleanup.policy=compact, compression.type="producer", segment.bytes=104857600}
2026-04-06T15:05:39.623+01:00  INFO 219314 --- [r-event-handler] kafka.cluster.Partition                  : [Partition __consumer_offsets-12 broker=0] No checkpointed highwatermark is found for partition __consumer_offsets-12
2026-04-06T15:05:39.623+01:00  INFO 219314 --- [r-event-handler] kafka.cluster.Partition                  : [Partition __consumer_offsets-12 broker=0] Log loaded for partition __consumer_offsets-12 with initial high watermark 0
2026-04-06T15:05:39.623+01:00  INFO 219314 --- [r-event-handler] state.change.logger                      : [Broker id=0] Leader __consumer_offsets-12 with topic id Some(QfSS2TJgRWenc26JV6oOkQ) starts at leader epoch 0 from offset 0 with partition epoch 0, high watermark 0, ISR [0], adding replicas [] and removing replicas [] . Previous leader None and previous leader epoch was -1.
2026-04-06T15:05:39.626+01:00  INFO 219314 --- [r-event-handler] state.change.logger                      : [Broker id=0] Creating new partition __consumer_offsets-41 with topic id QfSS2TJgRWenc26JV6oOkQ.
2026-04-06T15:05:39.634+01:00  INFO 219314 --- [r-event-handler] kafka.log.UnifiedLog$                    : [LogLoader partition=__consumer_offsets-41, dir=/tmp/kafka-12186684583483925666/broker_0_data0] Loading producer state till offset 0 with message format version 2
2026-04-06T15:05:39.636+01:00  INFO 219314 --- [r-event-handler] kafka.log.LogManager                     : Created log for partition __consumer_offsets-41 in /tmp/kafka-12186684583483925666/broker_0_data0/__consumer_offsets-41 with properties {cleanup.policy=compact, compression.type="producer", segment.bytes=104857600}
2026-04-06T15:05:39.636+01:00  INFO 219314 --- [r-event-handler] kafka.cluster.Partition                  : [Partition __consumer_offsets-41 broker=0] No checkpointed highwatermark is found for partition __consumer_offsets-41
2026-04-06T15:05:39.636+01:00  INFO 219314 --- [r-event-handler] kafka.cluster.Partition                  : [Partition __consumer_offsets-41 broker=0] Log loaded for partition __consumer_offsets-41 with initial high watermark 0
2026-04-06T15:05:39.637+01:00  INFO 219314 --- [r-event-handler] state.change.logger                      : [Broker id=0] Leader __consumer_offsets-41 with topic id Some(QfSS2TJgRWenc26JV6oOkQ) starts at leader epoch 0 from offset 0 with partition epoch 0, high watermark 0, ISR [0], adding replicas [] and removing replicas [] . Previous leader None and previous leader epoch was -1.
2026-04-06T15:05:39.642+01:00  INFO 219314 --- [r-event-handler] state.change.logger                      : [Broker id=0] Creating new partition __consumer_offsets-24 with topic id QfSS2TJgRWenc26JV6oOkQ.
2026-04-06T15:05:39.650+01:00  INFO 219314 --- [r-event-handler] kafka.log.UnifiedLog$                    : [LogLoader partition=__consumer_offsets-24, dir=/tmp/kafka-12186684583483925666/broker_0_data0] Loading producer state till offset 0 with message format version 2
2026-04-06T15:05:39.652+01:00  INFO 219314 --- [r-event-handler] kafka.log.LogManager                     : Created log for partition __consumer_offsets-24 in /tmp/kafka-12186684583483925666/broker_0_data0/__consumer_offsets-24 with properties {cleanup.policy=compact, compression.type="producer", segment.bytes=104857600}
2026-04-06T15:05:39.652+01:00  INFO 219314 --- [r-event-handler] kafka.cluster.Partition                  : [Partition __consumer_offsets-24 broker=0] No checkpointed highwatermark is found for partition __consumer_offsets-24
2026-04-06T15:05:39.653+01:00  INFO 219314 --- [r-event-handler] kafka.cluster.Partition                  : [Partition __consumer_offsets-24 broker=0] Log loaded for partition __consumer_offsets-24 with initial high watermark 0
2026-04-06T15:05:39.653+01:00  INFO 219314 --- [r-event-handler] state.change.logger                      : [Broker id=0] Leader __consumer_offsets-24 with topic id Some(QfSS2TJgRWenc26JV6oOkQ) starts at leader epoch 0 from offset 0 with partition epoch 0, high watermark 0, ISR [0], adding replicas [] and removing replicas [] . Previous leader None and previous leader epoch was -1.
2026-04-06T15:05:39.655+01:00  INFO 219314 --- [r-event-handler] state.change.logger                      : [Broker id=0] Creating new partition __consumer_offsets-20 with topic id QfSS2TJgRWenc26JV6oOkQ.
2026-04-06T15:05:39.662+01:00  INFO 219314 --- [r-event-handler] kafka.log.UnifiedLog$                    : [LogLoader partition=__consumer_offsets-20, dir=/tmp/kafka-12186684583483925666/broker_0_data0] Loading producer state till offset 0 with message format version 2
2026-04-06T15:05:39.664+01:00  INFO 219314 --- [r-event-handler] kafka.log.LogManager                     : Created log for partition __consumer_offsets-20 in /tmp/kafka-12186684583483925666/broker_0_data0/__consumer_offsets-20 with properties {cleanup.policy=compact, compression.type="producer", segment.bytes=104857600}
2026-04-06T15:05:39.664+01:00  INFO 219314 --- [r-event-handler] kafka.cluster.Partition                  : [Partition __consumer_offsets-20 broker=0] No checkpointed highwatermark is found for partition __consumer_offsets-20
2026-04-06T15:05:39.664+01:00  INFO 219314 --- [r-event-handler] kafka.cluster.Partition                  : [Partition __consumer_offsets-20 broker=0] Log loaded for partition __consumer_offsets-20 with initial high watermark 0
2026-04-06T15:05:39.665+01:00  INFO 219314 --- [r-event-handler] state.change.logger                      : [Broker id=0] Leader __consumer_offsets-20 with topic id Some(QfSS2TJgRWenc26JV6oOkQ) starts at leader epoch 0 from offset 0 with partition epoch 0, high watermark 0, ISR [0], adding replicas [] and removing replicas [] . Previous leader None and previous leader epoch was -1.
2026-04-06T15:05:39.670+01:00  INFO 219314 --- [r-event-handler] state.change.logger                      : [Broker id=0] Creating new partition __consumer_offsets-49 with topic id QfSS2TJgRWenc26JV6oOkQ.
2026-04-06T15:05:39.677+01:00  INFO 219314 --- [r-event-handler] kafka.log.UnifiedLog$                    : [LogLoader partition=__consumer_offsets-49, dir=/tmp/kafka-12186684583483925666/broker_0_data0] Loading producer state till offset 0 with message format version 2
2026-04-06T15:05:39.679+01:00  INFO 219314 --- [r-event-handler] kafka.log.LogManager                     : Created log for partition __consumer_offsets-49 in /tmp/kafka-12186684583483925666/broker_0_data0/__consumer_offsets-49 with properties {cleanup.policy=compact, compression.type="producer", segment.bytes=104857600}
2026-04-06T15:05:39.680+01:00  INFO 219314 --- [r-event-handler] kafka.cluster.Partition                  : [Partition __consumer_offsets-49 broker=0] No checkpointed highwatermark is found for partition __consumer_offsets-49
2026-04-06T15:05:39.680+01:00  INFO 219314 --- [r-event-handler] kafka.cluster.Partition                  : [Partition __consumer_offsets-49 broker=0] Log loaded for partition __consumer_offsets-49 with initial high watermark 0
2026-04-06T15:05:39.681+01:00  INFO 219314 --- [r-event-handler] state.change.logger                      : [Broker id=0] Leader __consumer_offsets-49 with topic id Some(QfSS2TJgRWenc26JV6oOkQ) starts at leader epoch 0 from offset 0 with partition epoch 0, high watermark 0, ISR [0], adding replicas [] and removing replicas [] . Previous leader None and previous leader epoch was -1.
2026-04-06T15:05:39.684+01:00  INFO 219314 --- [r-event-handler] state.change.logger                      : [Broker id=0] Creating new partition __consumer_offsets-0 with topic id QfSS2TJgRWenc26JV6oOkQ.
2026-04-06T15:05:39.686+01:00  INFO 219314 --- [ad | producer-1] c.exemple.kafka.producer.OrderProducer   : Order sent successfully: orderId=195be5b7-8117-4d50-8009-519163a81eae, partition=1, offset=0
2026-04-06T15:05:39.691+01:00  INFO 219314 --- [r-event-handler] kafka.log.UnifiedLog$                    : [LogLoader partition=__consumer_offsets-0, dir=/tmp/kafka-12186684583483925666/broker_0_data0] Loading producer state till offset 0 with message format version 2
2026-04-06T15:05:39.693+01:00  INFO 219314 --- [r-event-handler] kafka.log.LogManager                     : Created log for partition __consumer_offsets-0 in /tmp/kafka-12186684583483925666/broker_0_data0/__consumer_offsets-0 with properties {cleanup.policy=compact, compression.type="producer", segment.bytes=104857600}
2026-04-06T15:05:39.694+01:00  INFO 219314 --- [r-event-handler] kafka.cluster.Partition                  : [Partition __consumer_offsets-0 broker=0] No checkpointed highwatermark is found for partition __consumer_offsets-0
2026-04-06T15:05:39.694+01:00  INFO 219314 --- [r-event-handler] kafka.cluster.Partition                  : [Partition __consumer_offsets-0 broker=0] Log loaded for partition __consumer_offsets-0 with initial high watermark 0
2026-04-06T15:05:39.694+01:00  INFO 219314 --- [r-event-handler] state.change.logger                      : [Broker id=0] Leader __consumer_offsets-0 with topic id Some(QfSS2TJgRWenc26JV6oOkQ) starts at leader epoch 0 from offset 0 with partition epoch 0, high watermark 0, ISR [0], adding replicas [] and removing replicas [] . Previous leader None and previous leader epoch was -1.
2026-04-06T15:05:39.697+01:00  INFO 219314 --- [r-event-handler] state.change.logger                      : [Broker id=0] Creating new partition __consumer_offsets-29 with topic id QfSS2TJgRWenc26JV6oOkQ.
2026-04-06T15:05:39.704+01:00  INFO 219314 --- [r-event-handler] kafka.log.UnifiedLog$                    : [LogLoader partition=__consumer_offsets-29, dir=/tmp/kafka-12186684583483925666/broker_0_data0] Loading producer state till offset 0 with message format version 2
2026-04-06T15:05:39.705+01:00  INFO 219314 --- [r-event-handler] kafka.log.LogManager                     : Created log for partition __consumer_offsets-29 in /tmp/kafka-12186684583483925666/broker_0_data0/__consumer_offsets-29 with properties {cleanup.policy=compact, compression.type="producer", segment.bytes=104857600}
2026-04-06T15:05:39.706+01:00  INFO 219314 --- [r-event-handler] kafka.cluster.Partition                  : [Partition __consumer_offsets-29 broker=0] No checkpointed highwatermark is found for partition __consumer_offsets-29
2026-04-06T15:05:39.706+01:00  INFO 219314 --- [r-event-handler] kafka.cluster.Partition                  : [Partition __consumer_offsets-29 broker=0] Log loaded for partition __consumer_offsets-29 with initial high watermark 0
2026-04-06T15:05:39.706+01:00  INFO 219314 --- [r-event-handler] state.change.logger                      : [Broker id=0] Leader __consumer_offsets-29 with topic id Some(QfSS2TJgRWenc26JV6oOkQ) starts at leader epoch 0 from offset 0 with partition epoch 0, high watermark 0, ISR [0], adding replicas [] and removing replicas [] . Previous leader None and previous leader epoch was -1.
2026-04-06T15:05:39.709+01:00  INFO 219314 --- [r-event-handler] state.change.logger                      : [Broker id=0] Creating new partition __consumer_offsets-25 with topic id QfSS2TJgRWenc26JV6oOkQ.
2026-04-06T15:05:39.715+01:00  INFO 219314 --- [r-event-handler] kafka.log.UnifiedLog$                    : [LogLoader partition=__consumer_offsets-25, dir=/tmp/kafka-12186684583483925666/broker_0_data0] Loading producer state till offset 0 with message format version 2
2026-04-06T15:05:39.717+01:00  INFO 219314 --- [r-event-handler] kafka.log.LogManager                     : Created log for partition __consumer_offsets-25 in /tmp/kafka-12186684583483925666/broker_0_data0/__consumer_offsets-25 with properties {cleanup.policy=compact, compression.type="producer", segment.bytes=104857600}
2026-04-06T15:05:39.717+01:00  INFO 219314 --- [r-event-handler] kafka.cluster.Partition                  : [Partition __consumer_offsets-25 broker=0] No checkpointed highwatermark is found for partition __consumer_offsets-25
2026-04-06T15:05:39.717+01:00  INFO 219314 --- [r-event-handler] kafka.cluster.Partition                  : [Partition __consumer_offsets-25 broker=0] Log loaded for partition __consumer_offsets-25 with initial high watermark 0
2026-04-06T15:05:39.717+01:00  INFO 219314 --- [r-event-handler] state.change.logger                      : [Broker id=0] Leader __consumer_offsets-25 with topic id Some(QfSS2TJgRWenc26JV6oOkQ) starts at leader epoch 0 from offset 0 with partition epoch 0, high watermark 0, ISR [0], adding replicas [] and removing replicas [] . Previous leader None and previous leader epoch was -1.
[...]
2026-04-06T15:05:39.873+01:00  INFO 219314 --- [r-event-handler] kafka.log.UnifiedLog$                    : [LogLoader partition=__consumer_offsets-7, dir=/tmp/kafka-12186684583483925666/broker_0_data0] Loading producer state till offset 0 with message format version 2
2026-04-06T15:05:39.875+01:00  INFO 219314 --- [r-event-handler] kafka.log.LogManager                     : Created log for partition __consumer_offsets-7 in /tmp/kafka-12186684583483925666/broker_0_data0/__consumer_offsets-7 with properties {cleanup.policy=compact, compression.type="producer", segment.bytes=104857600}
2026-04-06T15:05:39.875+01:00  INFO 219314 --- [r-event-handler] kafka.cluster.Partition                  : [Partition __consumer_offsets-7 broker=0] No checkpointed highwatermark is found for partition __consumer_offsets-7
2026-04-06T15:05:39.876+01:00  INFO 219314 --- [r-event-handler] kafka.cluster.Partition                  : [Partition __consumer_offsets-7 broker=0] Log loaded for partition __consumer_offsets-7 with initial high watermark 0
2026-04-06T15:05:39.876+01:00  INFO 219314 --- [r-event-handler] state.change.logger                      : [Broker id=0] Leader __consumer_offsets-7 with topic id Some(QfSS2TJgRWenc26JV6oOkQ) starts at leader epoch 0 from offset 0 with partition epoch 0, high watermark 0, ISR [0], adding replicas [] and removing replicas [] . Previous leader None and previous leader epoch was -1.
2026-04-06T15:05:39.879+01:00  INFO 219314 --- [r-event-handler] state.change.logger                      : [Broker id=0] Creating new partition __consumer_offsets-40 with topic id QfSS2TJgRWenc26JV6oOkQ.
2026-04-06T15:05:39.882+01:00  INFO 219314 --- [r-event-handler] kafka.log.UnifiedLog$                    : [LogLoader partition=__consumer_offsets-40, dir=/tmp/kafka-12186684583483925666/broker_0_data0] Loading producer state till offset 0 with message format version 2
2026-04-06T15:05:39.883+01:00  INFO 219314 --- [r-event-handler] kafka.log.LogManager                     : Created log for partition __consumer_offsets-40 in /tmp/kafka-12186684583483925666/broker_0_data0/__consumer_offsets-40 with properties {cleanup.policy=compact, compression.type="producer", segment.bytes=104857600}
2026-04-06T15:05:39.884+01:00  INFO 219314 --- [r-event-handler] kafka.cluster.Partition                  : [Partition __consumer_offsets-40 broker=0] No checkpointed highwatermark is found for partition __consumer_offsets-40
2026-04-06T15:05:39.884+01:00  INFO 219314 --- [r-event-handler] kafka.cluster.Partition                  : [Partition __consumer_offsets-40 broker=0] Log loaded for partition __consumer_offsets-40 with initial high watermark 0
2026-04-06T15:05:39.884+01:00  INFO 219314 --- [r-event-handler] state.change.logger                      : [Broker id=0] Leader __consumer_offsets-40 with topic id Some(QfSS2TJgRWenc26JV6oOkQ) starts at leader epoch 0 from offset 0 with partition epoch 0, high watermark 0, ISR [0], adding replicas [] and removing replicas [] . Previous leader None and previous leader epoch was -1.
2026-04-06T15:05:39.886+01:00  INFO 219314 --- [r-event-handler] state.change.logger                      : [Broker id=0] Creating new partition __consumer_offsets-3 with topic id QfSS2TJgRWenc26JV6oOkQ.
2026-04-06T15:05:39.890+01:00  INFO 219314 --- [r-event-handler] kafka.log.UnifiedLog$                    : [LogLoader partition=__consumer_offsets-3, dir=/tmp/kafka-12186684583483925666/broker_0_data0] Loading producer state till offset 0 with message format version 2
2026-04-06T15:05:39.890+01:00  INFO 219314 --- [r-event-handler] kafka.log.LogManager                     : Created log for partition __consumer_offsets-3 in /tmp/kafka-12186684583483925666/broker_0_data0/__consumer_offsets-3 with properties {cleanup.policy=compact, compression.type="producer", segment.bytes=104857600}
2026-04-06T15:05:39.891+01:00  INFO 219314 --- [r-event-handler] kafka.cluster.Partition                  : [Partition __consumer_offsets-3 broker=0] No checkpointed highwatermark is found for partition __consumer_offsets-3
2026-04-06T15:05:39.891+01:00  INFO 219314 --- [r-event-handler] kafka.cluster.Partition                  : [Partition __consumer_offsets-3 broker=0] Log loaded for partition __consumer_offsets-3 with initial high watermark 0
2026-04-06T15:05:39.891+01:00  INFO 219314 --- [r-event-handler] state.change.logger                      : [Broker id=0] Leader __consumer_offsets-3 with topic id Some(QfSS2TJgRWenc26JV6oOkQ) starts at leader epoch 0 from offset 0 with partition epoch 0, high watermark 0, ISR [0], adding replicas [] and removing replicas [] . Previous leader None and previous leader epoch was -1.
2026-04-06T15:05:39.894+01:00  INFO 219314 --- [r-event-handler] state.change.logger                      : [Broker id=0] Creating new partition __consumer_offsets-36 with topic id QfSS2TJgRWenc26JV6oOkQ.
2026-04-06T15:05:39.897+01:00  INFO 219314 --- [r-event-handler] kafka.log.UnifiedLog$                    : [LogLoader partition=__consumer_offsets-36, dir=/tmp/kafka-12186684583483925666/broker_0_data0] Loading producer state till offset 0 with message format version 2
2026-04-06T15:05:39.897+01:00  INFO 219314 --- [r-event-handler] kafka.log.LogManager                     : Created log for partition __consumer_offsets-36 in /tmp/kafka-12186684583483925666/broker_0_data0/__consumer_offsets-36 with properties {cleanup.policy=compact, compression.type="producer", segment.bytes=104857600}
2026-04-06T15:05:39.897+01:00  INFO 219314 --- [r-event-handler] kafka.cluster.Partition                  : [Partition __consumer_offsets-36 broker=0] No checkpointed highwatermark is found for partition __consumer_offsets-36
2026-04-06T15:05:39.898+01:00  INFO 219314 --- [r-event-handler] kafka.cluster.Partition                  : [Partition __consumer_offsets-36 broker=0] Log loaded for partition __consumer_offsets-36 with initial high watermark 0
2026-04-06T15:05:39.898+01:00  INFO 219314 --- [r-event-handler] state.change.logger                      : [Broker id=0] Leader __consumer_offsets-36 with topic id Some(QfSS2TJgRWenc26JV6oOkQ) starts at leader epoch 0 from offset 0 with partition epoch 0, high watermark 0, ISR [0], adding replicas [] and removing replicas [] . Previous leader None and previous leader epoch was -1.
2026-04-06T15:05:39.901+01:00  INFO 219314 --- [r-event-handler] state.change.logger                      : [Broker id=0] Creating new partition __consumer_offsets-47 with topic id QfSS2TJgRWenc26JV6oOkQ.
2026-04-06T15:05:39.905+01:00  INFO 219314 --- [r-event-handler] kafka.log.UnifiedLog$                    : [LogLoader partition=__consumer_offsets-47, dir=/tmp/kafka-12186684583483925666/broker_0_data0] Loading producer state till offset 0 with message format version 2
2026-04-06T15:05:39.906+01:00  INFO 219314 --- [r-event-handler] kafka.log.LogManager                     : Created log for partition __consumer_offsets-47 in /tmp/kafka-12186684583483925666/broker_0_data0/__consumer_offsets-47 with properties {cleanup.policy=compact, compression.type="producer", segment.bytes=104857600}
2026-04-06T15:05:39.906+01:00  INFO 219314 --- [r-event-handler] kafka.cluster.Partition                  : [Partition __consumer_offsets-47 broker=0] No checkpointed highwatermark is found for partition __consumer_offsets-47
2026-04-06T15:05:39.906+01:00  INFO 219314 --- [r-event-handler] kafka.cluster.Partition                  : [Partition __consumer_offsets-47 broker=0] Log loaded for partition __consumer_offsets-47 with initial high watermark 0
2026-04-06T15:05:39.906+01:00  INFO 219314 --- [r-event-handler] state.change.logger                      : [Broker id=0] Leader __consumer_offsets-47 with topic id Some(QfSS2TJgRWenc26JV6oOkQ) starts at leader epoch 0 from offset 0 with partition epoch 0, high watermark 0, ISR [0], adding replicas [] and removing replicas [] . Previous leader None and previous leader epoch was -1.
2026-04-06T15:05:39.909+01:00  INFO 219314 --- [r-event-handler] state.change.logger                      : [Broker id=0] Creating new partition __consumer_offsets-14 with topic id QfSS2TJgRWenc26JV6oOkQ.
2026-04-06T15:05:39.913+01:00  INFO 219314 --- [r-event-handler] kafka.log.UnifiedLog$                    : [LogLoader partition=__consumer_offsets-14, dir=/tmp/kafka-12186684583483925666/broker_0_data0] Loading producer state till offset 0 with message format version 2
2026-04-06T15:05:39.914+01:00  INFO 219314 --- [r-event-handler] kafka.log.LogManager                     : Created log for partition __consumer_offsets-14 in /tmp/kafka-12186684583483925666/broker_0_data0/__consumer_offsets-14 with properties {cleanup.policy=compact, compression.type="producer", segment.bytes=104857600}
2026-04-06T15:05:39.914+01:00  INFO 219314 --- [r-event-handler] kafka.cluster.Partition                  : [Partition __consumer_offsets-14 broker=0] No checkpointed highwatermark is found for partition __consumer_offsets-14
2026-04-06T15:05:39.914+01:00  INFO 219314 --- [r-event-handler] kafka.cluster.Partition                  : [Partition __consumer_offsets-14 broker=0] Log loaded for partition __consumer_offsets-14 with initial high watermark 0
2026-04-06T15:05:39.914+01:00  INFO 219314 --- [r-event-handler] state.change.logger                      : [Broker id=0] Leader __consumer_offsets-14 with topic id Some(QfSS2TJgRWenc26JV6oOkQ) starts at leader epoch 0 from offset 0 with partition epoch 0, high watermark 0, ISR [0], adding replicas [] and removing replicas [] . Previous leader None and previous leader epoch was -1.
2026-04-06T15:05:39.918+01:00  INFO 219314 --- [r-event-handler] state.change.logger                      : [Broker id=0] Creating new partition __consumer_offsets-43 with topic id QfSS2TJgRWenc26JV6oOkQ.
2026-04-06T15:05:39.924+01:00  INFO 219314 --- [r-event-handler] kafka.log.UnifiedLog$                    : [LogLoader partition=__consumer_offsets-43, dir=/tmp/kafka-12186684583483925666/broker_0_data0] Loading producer state till offset 0 with message format version 2
2026-04-06T15:05:39.926+01:00  INFO 219314 --- [r-event-handler] kafka.log.LogManager                     : Created log for partition __consumer_offsets-43 in /tmp/kafka-12186684583483925666/broker_0_data0/__consumer_offsets-43 with properties {cleanup.policy=compact, compression.type="producer", segment.bytes=104857600}
2026-04-06T15:05:39.926+01:00  INFO 219314 --- [r-event-handler] kafka.cluster.Partition                  : [Partition __consumer_offsets-43 broker=0] No checkpointed highwatermark is found for partition __consumer_offsets-43
2026-04-06T15:05:39.926+01:00  INFO 219314 --- [r-event-handler] kafka.cluster.Partition                  : [Partition __consumer_offsets-43 broker=0] Log loaded for partition __consumer_offsets-43 with initial high watermark 0
2026-04-06T15:05:39.926+01:00  INFO 219314 --- [r-event-handler] state.change.logger                      : [Broker id=0] Leader __consumer_offsets-43 with topic id Some(QfSS2TJgRWenc26JV6oOkQ) starts at leader epoch 0 from offset 0 with partition epoch 0, high watermark 0, ISR [0], adding replicas [] and removing replicas [] . Previous leader None and previous leader epoch was -1.
2026-04-06T15:05:39.930+01:00  INFO 219314 --- [r-event-handler] state.change.logger                      : [Broker id=0] Creating new partition __consumer_offsets-10 with topic id QfSS2TJgRWenc26JV6oOkQ.
2026-04-06T15:05:39.935+01:00  INFO 219314 --- [r-event-handler] kafka.log.UnifiedLog$                    : [LogLoader partition=__consumer_offsets-10, dir=/tmp/kafka-12186684583483925666/broker_0_data0] Loading producer state till offset 0 with message format version 2
2026-04-06T15:05:39.937+01:00  INFO 219314 --- [r-event-handler] kafka.log.LogManager                     : Created log for partition __consumer_offsets-10 in /tmp/kafka-12186684583483925666/broker_0_data0/__consumer_offsets-10 with properties {cleanup.policy=compact, compression.type="producer", segment.bytes=104857600}
2026-04-06T15:05:39.938+01:00  INFO 219314 --- [r-event-handler] kafka.cluster.Partition                  : [Partition __consumer_offsets-10 broker=0] No checkpointed highwatermark is found for partition __consumer_offsets-10
2026-04-06T15:05:39.938+01:00  INFO 219314 --- [r-event-handler] kafka.cluster.Partition                  : [Partition __consumer_offsets-10 broker=0] Log loaded for partition __consumer_offsets-10 with initial high watermark 0
2026-04-06T15:05:39.938+01:00  INFO 219314 --- [r-event-handler] state.change.logger                      : [Broker id=0] Leader __consumer_offsets-10 with topic id Some(QfSS2TJgRWenc26JV6oOkQ) starts at leader epoch 0 from offset 0 with partition epoch 0, high watermark 0, ISR [0], adding replicas [] and removing replicas [] . Previous leader None and previous leader epoch was -1.
2026-04-06T15:05:39.942+01:00  INFO 219314 --- [r-event-handler] state.change.logger                      : [Broker id=0] Creating new partition __consumer_offsets-22 with topic id QfSS2TJgRWenc26JV6oOkQ.
2026-04-06T15:05:39.946+01:00  INFO 219314 --- [r-event-handler] kafka.log.UnifiedLog$                    : [LogLoader partition=__consumer_offsets-22, dir=/tmp/kafka-12186684583483925666/broker_0_data0] Loading producer state till offset 0 with message format version 2
2026-04-06T15:05:39.948+01:00  INFO 219314 --- [r-event-handler] kafka.log.LogManager                     : Created log for partition __consumer_offsets-22 in /tmp/kafka-12186684583483925666/broker_0_data0/__consumer_offsets-22 with properties {cleanup.policy=compact, compression.type="producer", segment.bytes=104857600}
2026-04-06T15:05:39.948+01:00  INFO 219314 --- [r-event-handler] kafka.cluster.Partition                  : [Partition __consumer_offsets-22 broker=0] No checkpointed highwatermark is found for partition __consumer_offsets-22
2026-04-06T15:05:39.948+01:00  INFO 219314 --- [r-event-handler] kafka.cluster.Partition                  : [Partition __consumer_offsets-22 broker=0] Log loaded for partition __consumer_offsets-22 with initial high watermark 0
2026-04-06T15:05:39.948+01:00  INFO 219314 --- [r-event-handler] state.change.logger                      : [Broker id=0] Leader __consumer_offsets-22 with topic id Some(QfSS2TJgRWenc26JV6oOkQ) starts at leader epoch 0 from offset 0 with partition epoch 0, high watermark 0, ISR [0], adding replicas [] and removing replicas [] . Previous leader None and previous leader epoch was -1.
2026-04-06T15:05:39.953+01:00  INFO 219314 --- [r-event-handler] state.change.logger                      : [Broker id=0] Creating new partition __consumer_offsets-18 with topic id QfSS2TJgRWenc26JV6oOkQ.
2026-04-06T15:05:39.961+01:00  INFO 219314 --- [r-event-handler] kafka.log.UnifiedLog$                    : [LogLoader partition=__consumer_offsets-18, dir=/tmp/kafka-12186684583483925666/broker_0_data0] Loading producer state till offset 0 with message format version 2
2026-04-06T15:05:39.963+01:00  INFO 219314 --- [r-event-handler] kafka.log.LogManager                     : Created log for partition __consumer_offsets-18 in /tmp/kafka-12186684583483925666/broker_0_data0/__consumer_offsets-18 with properties {cleanup.policy=compact, compression.type="producer", segment.bytes=104857600}
2026-04-06T15:05:39.963+01:00  INFO 219314 --- [r-event-handler] kafka.cluster.Partition                  : [Partition __consumer_offsets-18 broker=0] No checkpointed highwatermark is found for partition __consumer_offsets-18
2026-04-06T15:05:39.963+01:00  INFO 219314 --- [r-event-handler] kafka.cluster.Partition                  : [Partition __consumer_offsets-18 broker=0] Log loaded for partition __consumer_offsets-18 with initial high watermark 0
2026-04-06T15:05:39.964+01:00  INFO 219314 --- [r-event-handler] state.change.logger                      : [Broker id=0] Leader __consumer_offsets-18 with topic id Some(QfSS2TJgRWenc26JV6oOkQ) starts at leader epoch 0 from offset 0 with partition epoch 0, high watermark 0, ISR [0], adding replicas [] and removing replicas [] . Previous leader None and previous leader epoch was -1.
2026-04-06T15:05:39.968+01:00  INFO 219314 --- [r-event-handler] state.change.logger                      : [Broker id=0] Creating new partition __consumer_offsets-31 with topic id QfSS2TJgRWenc26JV6oOkQ.
2026-04-06T15:05:39.975+01:00  INFO 219314 --- [r-event-handler] kafka.log.UnifiedLog$                    : [LogLoader partition=__consumer_offsets-31, dir=/tmp/kafka-12186684583483925666/broker_0_data0] Loading producer state till offset 0 with message format version 2
2026-04-06T15:05:39.976+01:00  INFO 219314 --- [r-event-handler] kafka.log.LogManager                     : Created log for partition __consumer_offsets-31 in /tmp/kafka-12186684583483925666/broker_0_data0/__consumer_offsets-31 with properties {cleanup.policy=compact, compression.type="producer", segment.bytes=104857600}
2026-04-06T15:05:39.977+01:00  INFO 219314 --- [r-event-handler] kafka.cluster.Partition                  : [Partition __consumer_offsets-31 broker=0] No checkpointed highwatermark is found for partition __consumer_offsets-31
2026-04-06T15:05:39.977+01:00  INFO 219314 --- [r-event-handler] kafka.cluster.Partition                  : [Partition __consumer_offsets-31 broker=0] Log loaded for partition __consumer_offsets-31 with initial high watermark 0
2026-04-06T15:05:39.977+01:00  INFO 219314 --- [r-event-handler] state.change.logger                      : [Broker id=0] Leader __consumer_offsets-31 with topic id Some(QfSS2TJgRWenc26JV6oOkQ) starts at leader epoch 0 from offset 0 with partition epoch 0, high watermark 0, ISR [0], adding replicas [] and removing replicas [] . Previous leader None and previous leader epoch was -1.
2026-04-06T15:05:39.981+01:00  INFO 219314 --- [r-event-handler] state.change.logger                      : [Broker id=0] Creating new partition __consumer_offsets-27 with topic id QfSS2TJgRWenc26JV6oOkQ.
2026-04-06T15:05:39.993+01:00  INFO 219314 --- [r-event-handler] kafka.log.UnifiedLog$                    : [LogLoader partition=__consumer_offsets-27, dir=/tmp/kafka-12186684583483925666/broker_0_data0] Loading producer state till offset 0 with message format version 2
2026-04-06T15:05:39.995+01:00  INFO 219314 --- [r-event-handler] kafka.log.LogManager                     : Created log for partition __consumer_offsets-27 in /tmp/kafka-12186684583483925666/broker_0_data0/__consumer_offsets-27 with properties {cleanup.policy=compact, compression.type="producer", segment.bytes=104857600}
2026-04-06T15:05:39.996+01:00  INFO 219314 --- [r-event-handler] kafka.cluster.Partition                  : [Partition __consumer_offsets-27 broker=0] No checkpointed highwatermark is found for partition __consumer_offsets-27
2026-04-06T15:05:39.996+01:00  INFO 219314 --- [r-event-handler] kafka.cluster.Partition                  : [Partition __consumer_offsets-27 broker=0] Log loaded for partition __consumer_offsets-27 with initial high watermark 0
2026-04-06T15:05:39.997+01:00  INFO 219314 --- [r-event-handler] state.change.logger                      : [Broker id=0] Leader __consumer_offsets-27 with topic id Some(QfSS2TJgRWenc26JV6oOkQ) starts at leader epoch 0 from offset 0 with partition epoch 0, high watermark 0, ISR [0], adding replicas [] and removing replicas [] . Previous leader None and previous leader epoch was -1.
2026-04-06T15:05:40.000+01:00  INFO 219314 --- [r-event-handler] state.change.logger                      : [Broker id=0] Creating new partition __consumer_offsets-39 with topic id QfSS2TJgRWenc26JV6oOkQ.
2026-04-06T15:05:40.007+01:00  INFO 219314 --- [r-event-handler] kafka.log.UnifiedLog$                    : [LogLoader partition=__consumer_offsets-39, dir=/tmp/kafka-12186684583483925666/broker_0_data0] Loading producer state till offset 0 with message format version 2
]]></system-out>
  </testcase>
</testsuite>